{"C:\\projects\\Blogger-New\\blogger_frontend\\src\\components\\blog\\createBlog\\Component.jsx": {"path":"C:\\projects\\Blogger-New\\blogger_frontend\\src\\components\\blog\\createBlog\\Component.jsx","statementMap":{"0":{"start":{"line":38,"column":21},"end":{"line":44,"column":1}},"1":{"start":{"line":46,"column":26},"end":{"line":177,"column":1}},"2":{"start":{"line":47,"column":24},"end":{"line":47,"column":37}},"3":{"start":{"line":48,"column":31},"end":{"line":48,"column":68}},"4":{"start":{"line":49,"column":20},"end":{"line":49,"column":49}},"5":{"start":{"line":50,"column":20},"end":{"line":50,"column":49}},"6":{"start":{"line":51,"column":25},"end":{"line":51,"column":57}},"7":{"start":{"line":52,"column":19},"end":{"line":52,"column":47}},"8":{"start":{"line":53,"column":20},"end":{"line":53,"column":49}},"9":{"start":{"line":54,"column":14},"end":{"line":54,"column":44}},"10":{"start":{"line":55,"column":19},"end":{"line":55,"column":32}},"11":{"start":{"line":56,"column":19},"end":{"line":56,"column":53}},"12":{"start":{"line":56,"column":42},"end":{"line":56,"column":52}},"13":{"start":{"line":57,"column":24},"end":{"line":57,"column":36}},"14":{"start":{"line":58,"column":28},"end":{"line":58,"column":40}},"15":{"start":{"line":60,"column":22},"end":{"line":87,"column":3}},"16":{"start":{"line":61,"column":4},"end":{"line":86,"column":5}},"17":{"start":{"line":62,"column":6},"end":{"line":62,"column":33}},"18":{"start":{"line":63,"column":19},"end":{"line":63,"column":40}},"19":{"start":{"line":64,"column":19},"end":{"line":64,"column":33}},"20":{"start":{"line":65,"column":6},"end":{"line":65,"column":33}},"21":{"start":{"line":67,"column":21},"end":{"line":67,"column":37}},"22":{"start":{"line":68,"column":6},"end":{"line":68,"column":33}},"23":{"start":{"line":69,"column":6},"end":{"line":79,"column":8}},"24":{"start":{"line":70,"column":27},"end":{"line":70,"column":40}},"25":{"start":{"line":71,"column":8},"end":{"line":78,"column":11}},"26":{"start":{"line":81,"column":6},"end":{"line":85,"column":9}},"27":{"start":{"line":89,"column":22},"end":{"line":124,"column":3}},"28":{"start":{"line":90,"column":4},"end":{"line":90,"column":23}},"29":{"start":{"line":91,"column":20},"end":{"line":91,"column":47}},"30":{"start":{"line":92,"column":20},"end":{"line":92,"column":47}},"31":{"start":{"line":93,"column":19},"end":{"line":93,"column":45}},"32":{"start":{"line":94,"column":23},"end":{"line":94,"column":53}},"33":{"start":{"line":95,"column":18},"end":{"line":95,"column":34}},"34":{"start":{"line":96,"column":22},"end":{"line":96,"column":46}},"35":{"start":{"line":98,"column":4},"end":{"line":123,"column":5}},"36":{"start":{"line":99,"column":6},"end":{"line":99,"column":33}},"37":{"start":{"line":100,"column":11},"end":{"line":123,"column":5}},"38":{"start":{"line":101,"column":6},"end":{"line":101,"column":28}},"39":{"start":{"line":103,"column":26},"end":{"line":109,"column":7}},"40":{"start":{"line":110,"column":6},"end":{"line":117,"column":8}},"41":{"start":{"line":118,"column":6},"end":{"line":120,"column":9}},"42":{"start":{"line":121,"column":6},"end":{"line":121,"column":37}},"43":{"start":{"line":122,"column":6},"end":{"line":122,"column":27}},"44":{"start":{"line":126,"column":2},"end":{"line":134,"column":14}},"45":{"start":{"line":127,"column":18},"end":{"line":129,"column":12}},"46":{"start":{"line":128,"column":6},"end":{"line":128,"column":19}},"47":{"start":{"line":131,"column":4},"end":{"line":133,"column":6}},"48":{"start":{"line":132,"column":6},"end":{"line":132,"column":26}},"49":{"start":{"line":136,"column":2},"end":{"line":139,"column":13}},"50":{"start":{"line":137,"column":4},"end":{"line":137,"column":40}},"51":{"start":{"line":138,"column":4},"end":{"line":138,"column":30}},"52":{"start":{"line":138,"column":15},"end":{"line":138,"column":30}},"53":{"start":{"line":141,"column":16},"end":{"line":168,"column":3}},"54":{"start":{"line":170,"column":2},"end":{"line":176,"column":4}}},"fnMap":{"0":{"name":"(anonymous_0)","decl":{"start":{"line":46,"column":26},"end":{"line":46,"column":27}},"loc":{"start":{"line":46,"column":32},"end":{"line":177,"column":1}},"line":46},"1":{"name":"(anonymous_1)","decl":{"start":{"line":56,"column":31},"end":{"line":56,"column":32}},"loc":{"start":{"line":56,"column":42},"end":{"line":56,"column":52}},"line":56},"2":{"name":"(anonymous_2)","decl":{"start":{"line":60,"column":22},"end":{"line":60,"column":23}},"loc":{"start":{"line":60,"column":33},"end":{"line":87,"column":3}},"line":60},"3":{"name":"(anonymous_3)","decl":{"start":{"line":69,"column":25},"end":{"line":69,"column":26}},"loc":{"start":{"line":69,"column":31},"end":{"line":79,"column":7}},"line":69},"4":{"name":"(anonymous_4)","decl":{"start":{"line":89,"column":22},"end":{"line":89,"column":23}},"loc":{"start":{"line":89,"column":35},"end":{"line":124,"column":3}},"line":89},"5":{"name":"(anonymous_5)","decl":{"start":{"line":126,"column":12},"end":{"line":126,"column":13}},"loc":{"start":{"line":126,"column":18},"end":{"line":134,"column":3}},"line":126},"6":{"name":"(anonymous_6)","decl":{"start":{"line":127,"column":29},"end":{"line":127,"column":30}},"loc":{"start":{"line":127,"column":35},"end":{"line":129,"column":5}},"line":127},"7":{"name":"(anonymous_7)","decl":{"start":{"line":131,"column":11},"end":{"line":131,"column":12}},"loc":{"start":{"line":131,"column":17},"end":{"line":133,"column":5}},"line":131},"8":{"name":"(anonymous_8)","decl":{"start":{"line":136,"column":12},"end":{"line":136,"column":13}},"loc":{"start":{"line":136,"column":18},"end":{"line":139,"column":3}},"line":136}},"branchMap":{"0":{"loc":{"start":{"line":61,"column":4},"end":{"line":86,"column":5}},"type":"if","locations":[{"start":{"line":61,"column":4},"end":{"line":86,"column":5}},{"start":{"line":80,"column":11},"end":{"line":86,"column":5}}],"line":61},"1":{"loc":{"start":{"line":98,"column":4},"end":{"line":123,"column":5}},"type":"if","locations":[{"start":{"line":98,"column":4},"end":{"line":123,"column":5}},{"start":{"line":100,"column":11},"end":{"line":123,"column":5}}],"line":98},"2":{"loc":{"start":{"line":98,"column":8},"end":{"line":98,"column":64}},"type":"binary-expr","locations":[{"start":{"line":98,"column":8},"end":{"line":98,"column":16}},{"start":{"line":98,"column":20},"end":{"line":98,"column":28}},{"start":{"line":98,"column":32},"end":{"line":98,"column":39}},{"start":{"line":98,"column":43},"end":{"line":98,"column":54}},{"start":{"line":98,"column":58},"end":{"line":98,"column":64}}],"line":98},"3":{"loc":{"start":{"line":100,"column":11},"end":{"line":123,"column":5}},"type":"if","locations":[{"start":{"line":100,"column":11},"end":{"line":123,"column":5}},{"start":{"line":102,"column":11},"end":{"line":123,"column":5}}],"line":100},"4":{"loc":{"start":{"line":138,"column":4},"end":{"line":138,"column":30}},"type":"if","locations":[{"start":{"line":138,"column":4},"end":{"line":138,"column":30}},{"start":{},"end":{}}],"line":138}},"s":{"0":0,"1":0,"2":0,"3":0,"4":0,"5":0,"6":0,"7":0,"8":0,"9":0,"10":0,"11":0,"12":0,"13":0,"14":0,"15":0,"16":0,"17":0,"18":0,"19":0,"20":0,"21":0,"22":0,"23":0,"24":0,"25":0,"26":0,"27":0,"28":0,"29":0,"30":0,"31":0,"32":0,"33":0,"34":0,"35":0,"36":0,"37":0,"38":0,"39":0,"40":0,"41":0,"42":0,"43":0,"44":0,"45":0,"46":0,"47":0,"48":0,"49":0,"50":0,"51":0,"52":0,"53":0,"54":0},"f":{"0":0,"1":0,"2":0,"3":0,"4":0,"5":0,"6":0,"7":0,"8":0},"b":{"0":[0,0],"1":[0,0],"2":[0,0,0,0,0],"3":[0,0],"4":[0,0]}}
,"C:\\projects\\Blogger-New\\blogger_frontend\\src\\components\\blog\\showBlogs\\Component.jsx": {"path":"C:\\projects\\Blogger-New\\blogger_frontend\\src\\components\\blog\\showBlogs\\Component.jsx","statementMap":{"0":{"start":{"line":26,"column":25},"end":{"line":169,"column":1}},"1":{"start":{"line":27,"column":19},"end":{"line":27,"column":53}},"2":{"start":{"line":27,"column":42},"end":{"line":27,"column":52}},"3":{"start":{"line":28,"column":41},"end":{"line":28,"column":75}},"4":{"start":{"line":28,"column":64},"end":{"line":28,"column":74}},"5":{"start":{"line":29,"column":28},"end":{"line":29,"column":64}},"6":{"start":{"line":29,"column":51},"end":{"line":29,"column":63}},"7":{"start":{"line":30,"column":19},"end":{"line":30,"column":32}},"8":{"start":{"line":31,"column":19},"end":{"line":31,"column":32}},"9":{"start":{"line":32,"column":32},"end":{"line":32,"column":46}},"10":{"start":{"line":33,"column":28},"end":{"line":33,"column":43}},"11":{"start":{"line":34,"column":36},"end":{"line":34,"column":48}},"12":{"start":{"line":35,"column":40},"end":{"line":35,"column":52}},"13":{"start":{"line":36,"column":34},"end":{"line":36,"column":46}},"14":{"start":{"line":37,"column":36},"end":{"line":37,"column":51}},"15":{"start":{"line":39,"column":23},"end":{"line":41,"column":3}},"16":{"start":{"line":40,"column":4},"end":{"line":40,"column":35}},"17":{"start":{"line":43,"column":25},"end":{"line":46,"column":3}},"18":{"start":{"line":44,"column":4},"end":{"line":44,"column":23}},"19":{"start":{"line":45,"column":4},"end":{"line":45,"column":36}},"20":{"start":{"line":48,"column":28},"end":{"line":53,"column":3}},"21":{"start":{"line":49,"column":4},"end":{"line":49,"column":23}},"22":{"start":{"line":50,"column":4},"end":{"line":50,"column":20}},"23":{"start":{"line":51,"column":28},"end":{"line":51,"column":52}},"24":{"start":{"line":52,"column":4},"end":{"line":52,"column":50}},"25":{"start":{"line":52,"column":25},"end":{"line":52,"column":50}},"26":{"start":{"line":55,"column":22},"end":{"line":69,"column":3}},"27":{"start":{"line":56,"column":4},"end":{"line":61,"column":5}},"28":{"start":{"line":57,"column":6},"end":{"line":57,"column":21}},"29":{"start":{"line":58,"column":6},"end":{"line":60,"column":15}},"30":{"start":{"line":59,"column":8},"end":{"line":59,"column":34}},"31":{"start":{"line":62,"column":4},"end":{"line":67,"column":5}},"32":{"start":{"line":63,"column":6},"end":{"line":63,"column":21}},"33":{"start":{"line":64,"column":6},"end":{"line":66,"column":15}},"34":{"start":{"line":65,"column":8},"end":{"line":65,"column":34}},"35":{"start":{"line":68,"column":4},"end":{"line":68,"column":19}},"36":{"start":{"line":71,"column":19},"end":{"line":84,"column":3}},"37":{"start":{"line":72,"column":21},"end":{"line":81,"column":5}},"38":{"start":{"line":82,"column":4},"end":{"line":82,"column":48}},"39":{"start":{"line":83,"column":4},"end":{"line":83,"column":70}},"40":{"start":{"line":83,"column":52},"end":{"line":83,"column":70}},"41":{"start":{"line":86,"column":2},"end":{"line":89,"column":13}},"42":{"start":{"line":87,"column":4},"end":{"line":87,"column":30}},"43":{"start":{"line":87,"column":15},"end":{"line":87,"column":30}},"44":{"start":{"line":88,"column":4},"end":{"line":88,"column":34}},"45":{"start":{"line":91,"column":2},"end":{"line":97,"column":35}},"46":{"start":{"line":92,"column":18},"end":{"line":92,"column":22}},"47":{"start":{"line":93,"column":18},"end":{"line":93,"column":38}},"48":{"start":{"line":94,"column":4},"end":{"line":96,"column":6}},"49":{"start":{"line":95,"column":6},"end":{"line":95,"column":26}},"50":{"start":{"line":99,"column":2},"end":{"line":107,"column":14}},"51":{"start":{"line":100,"column":20},"end":{"line":102,"column":12}},"52":{"start":{"line":101,"column":6},"end":{"line":101,"column":22}},"53":{"start":{"line":104,"column":4},"end":{"line":106,"column":6}},"54":{"start":{"line":105,"column":6},"end":{"line":105,"column":28}},"55":{"start":{"line":109,"column":2},"end":{"line":113,"column":19}},"56":{"start":{"line":110,"column":4},"end":{"line":111,"column":30}},"57":{"start":{"line":110,"column":28},"end":{"line":110,"column":56}},"58":{"start":{"line":111,"column":9},"end":{"line":111,"column":30}},"59":{"start":{"line":112,"column":4},"end":{"line":112,"column":15}},"60":{"start":{"line":115,"column":2},"end":{"line":119,"column":17}},"61":{"start":{"line":116,"column":4},"end":{"line":117,"column":30}},"62":{"start":{"line":116,"column":18},"end":{"line":116,"column":56}},"63":{"start":{"line":117,"column":9},"end":{"line":117,"column":30}},"64":{"start":{"line":118,"column":4},"end":{"line":118,"column":15}},"65":{"start":{"line":121,"column":2},"end":{"line":125,"column":22}},"66":{"start":{"line":122,"column":4},"end":{"line":122,"column":23}},"67":{"start":{"line":123,"column":4},"end":{"line":123,"column":20}},"68":{"start":{"line":124,"column":4},"end":{"line":124,"column":20}},"69":{"start":{"line":127,"column":2},"end":{"line":168,"column":4}},"70":{"start":{"line":142,"column":12},"end":{"line":152,"column":14}}},"fnMap":{"0":{"name":"(anonymous_0)","decl":{"start":{"line":26,"column":25},"end":{"line":26,"column":26}},"loc":{"start":{"line":26,"column":31},"end":{"line":169,"column":1}},"line":26},"1":{"name":"(anonymous_1)","decl":{"start":{"line":27,"column":31},"end":{"line":27,"column":32}},"loc":{"start":{"line":27,"column":42},"end":{"line":27,"column":52}},"line":27},"2":{"name":"(anonymous_2)","decl":{"start":{"line":28,"column":53},"end":{"line":28,"column":54}},"loc":{"start":{"line":28,"column":64},"end":{"line":28,"column":74}},"line":28},"3":{"name":"(anonymous_3)","decl":{"start":{"line":29,"column":40},"end":{"line":29,"column":41}},"loc":{"start":{"line":29,"column":51},"end":{"line":29,"column":63}},"line":29},"4":{"name":"(anonymous_4)","decl":{"start":{"line":39,"column":23},"end":{"line":39,"column":24}},"loc":{"start":{"line":39,"column":30},"end":{"line":41,"column":3}},"line":39},"5":{"name":"(anonymous_5)","decl":{"start":{"line":43,"column":25},"end":{"line":43,"column":26}},"loc":{"start":{"line":43,"column":36},"end":{"line":46,"column":3}},"line":43},"6":{"name":"(anonymous_6)","decl":{"start":{"line":48,"column":28},"end":{"line":48,"column":29}},"loc":{"start":{"line":48,"column":35},"end":{"line":53,"column":3}},"line":48},"7":{"name":"(anonymous_7)","decl":{"start":{"line":55,"column":22},"end":{"line":55,"column":23}},"loc":{"start":{"line":55,"column":35},"end":{"line":69,"column":3}},"line":55},"8":{"name":"(anonymous_8)","decl":{"start":{"line":58,"column":27},"end":{"line":58,"column":28}},"loc":{"start":{"line":58,"column":33},"end":{"line":60,"column":7}},"line":58},"9":{"name":"(anonymous_9)","decl":{"start":{"line":64,"column":27},"end":{"line":64,"column":28}},"loc":{"start":{"line":64,"column":33},"end":{"line":66,"column":7}},"line":64},"10":{"name":"(anonymous_10)","decl":{"start":{"line":71,"column":19},"end":{"line":71,"column":20}},"loc":{"start":{"line":71,"column":31},"end":{"line":84,"column":3}},"line":71},"11":{"name":"(anonymous_11)","decl":{"start":{"line":86,"column":12},"end":{"line":86,"column":13}},"loc":{"start":{"line":86,"column":18},"end":{"line":89,"column":3}},"line":86},"12":{"name":"(anonymous_12)","decl":{"start":{"line":91,"column":12},"end":{"line":91,"column":13}},"loc":{"start":{"line":91,"column":18},"end":{"line":97,"column":3}},"line":91},"13":{"name":"(anonymous_13)","decl":{"start":{"line":94,"column":11},"end":{"line":94,"column":12}},"loc":{"start":{"line":94,"column":17},"end":{"line":96,"column":5}},"line":94},"14":{"name":"(anonymous_14)","decl":{"start":{"line":99,"column":12},"end":{"line":99,"column":13}},"loc":{"start":{"line":99,"column":18},"end":{"line":107,"column":3}},"line":99},"15":{"name":"(anonymous_15)","decl":{"start":{"line":100,"column":31},"end":{"line":100,"column":32}},"loc":{"start":{"line":100,"column":37},"end":{"line":102,"column":5}},"line":100},"16":{"name":"(anonymous_16)","decl":{"start":{"line":104,"column":11},"end":{"line":104,"column":12}},"loc":{"start":{"line":104,"column":17},"end":{"line":106,"column":5}},"line":104},"17":{"name":"(anonymous_17)","decl":{"start":{"line":109,"column":12},"end":{"line":109,"column":13}},"loc":{"start":{"line":109,"column":18},"end":{"line":113,"column":3}},"line":109},"18":{"name":"(anonymous_18)","decl":{"start":{"line":115,"column":12},"end":{"line":115,"column":13}},"loc":{"start":{"line":115,"column":18},"end":{"line":119,"column":3}},"line":115},"19":{"name":"(anonymous_19)","decl":{"start":{"line":121,"column":12},"end":{"line":121,"column":13}},"loc":{"start":{"line":121,"column":18},"end":{"line":125,"column":3}},"line":121},"20":{"name":"(anonymous_20)","decl":{"start":{"line":141,"column":24},"end":{"line":141,"column":25}},"loc":{"start":{"line":141,"column":42},"end":{"line":153,"column":11}},"line":141}},"branchMap":{"0":{"loc":{"start":{"line":52,"column":4},"end":{"line":52,"column":50}},"type":"if","locations":[{"start":{"line":52,"column":4},"end":{"line":52,"column":50}},{"start":{},"end":{}}],"line":52},"1":{"loc":{"start":{"line":56,"column":4},"end":{"line":61,"column":5}},"type":"if","locations":[{"start":{"line":56,"column":4},"end":{"line":61,"column":5}},{"start":{},"end":{}}],"line":56},"2":{"loc":{"start":{"line":62,"column":4},"end":{"line":67,"column":5}},"type":"if","locations":[{"start":{"line":62,"column":4},"end":{"line":67,"column":5}},{"start":{},"end":{}}],"line":62},"3":{"loc":{"start":{"line":83,"column":4},"end":{"line":83,"column":70}},"type":"if","locations":[{"start":{"line":83,"column":4},"end":{"line":83,"column":70}},{"start":{},"end":{}}],"line":83},"4":{"loc":{"start":{"line":87,"column":4},"end":{"line":87,"column":30}},"type":"if","locations":[{"start":{"line":87,"column":4},"end":{"line":87,"column":30}},{"start":{},"end":{}}],"line":87},"5":{"loc":{"start":{"line":110,"column":4},"end":{"line":111,"column":30}},"type":"if","locations":[{"start":{"line":110,"column":4},"end":{"line":111,"column":30}},{"start":{"line":111,"column":9},"end":{"line":111,"column":30}}],"line":110},"6":{"loc":{"start":{"line":116,"column":4},"end":{"line":117,"column":30}},"type":"if","locations":[{"start":{"line":116,"column":4},"end":{"line":117,"column":30}},{"start":{"line":117,"column":9},"end":{"line":117,"column":30}}],"line":116},"7":{"loc":{"start":{"line":138,"column":7},"end":{"line":138,"column":63}},"type":"binary-expr","locations":[{"start":{"line":138,"column":7},"end":{"line":138,"column":12}},{"start":{"line":138,"column":16},"end":{"line":138,"column":63}}],"line":138},"8":{"loc":{"start":{"line":140,"column":9},"end":{"line":153,"column":12}},"type":"binary-expr","locations":[{"start":{"line":140,"column":9},"end":{"line":140,"column":32}},{"start":{"line":141,"column":10},"end":{"line":153,"column":12}}],"line":140},"9":{"loc":{"start":{"line":155,"column":11},"end":{"line":163,"column":11}},"type":"binary-expr","locations":[{"start":{"line":155,"column":11},"end":{"line":155,"column":33}},{"start":{"line":156,"column":12},"end":{"line":162,"column":15}}],"line":155},"10":{"loc":{"start":{"line":157,"column":15},"end":{"line":161,"column":15}},"type":"cond-expr","locations":[{"start":{"line":158,"column":16},"end":{"line":158,"column":27}},{"start":{"line":160,"column":16},"end":{"line":160,"column":93}}],"line":157}},"s":{"0":0,"1":0,"2":0,"3":0,"4":0,"5":0,"6":0,"7":0,"8":0,"9":0,"10":0,"11":0,"12":0,"13":0,"14":0,"15":0,"16":0,"17":0,"18":0,"19":0,"20":0,"21":0,"22":0,"23":0,"24":0,"25":0,"26":0,"27":0,"28":0,"29":0,"30":0,"31":0,"32":0,"33":0,"34":0,"35":0,"36":0,"37":0,"38":0,"39":0,"40":0,"41":0,"42":0,"43":0,"44":0,"45":0,"46":0,"47":0,"48":0,"49":0,"50":0,"51":0,"52":0,"53":0,"54":0,"55":0,"56":0,"57":0,"58":0,"59":0,"60":0,"61":0,"62":0,"63":0,"64":0,"65":0,"66":0,"67":0,"68":0,"69":0,"70":0},"f":{"0":0,"1":0,"2":0,"3":0,"4":0,"5":0,"6":0,"7":0,"8":0,"9":0,"10":0,"11":0,"12":0,"13":0,"14":0,"15":0,"16":0,"17":0,"18":0,"19":0,"20":0},"b":{"0":[0,0],"1":[0,0],"2":[0,0],"3":[0,0],"4":[0,0],"5":[0,0],"6":[0,0],"7":[0,0],"8":[0,0],"9":[0,0],"10":[0,0]}}
,"C:\\projects\\Blogger-New\\blogger_frontend\\src\\components\\blog\\showOneFullBlog\\Component.jsx": {"path":"C:\\projects\\Blogger-New\\blogger_frontend\\src\\components\\blog\\showOneFullBlog\\Component.jsx","statementMap":{"0":{"start":{"line":18,"column":31},"end":{"line":144,"column":1}},"1":{"start":{"line":19,"column":26},"end":{"line":19,"column":39}},"2":{"start":{"line":20,"column":13},"end":{"line":20,"column":39}},"3":{"start":{"line":21,"column":17},"end":{"line":21,"column":47}},"4":{"start":{"line":22,"column":19},"end":{"line":22,"column":32}},"5":{"start":{"line":23,"column":19},"end":{"line":23,"column":32}},"6":{"start":{"line":24,"column":26},"end":{"line":24,"column":38}},"7":{"start":{"line":25,"column":26},"end":{"line":25,"column":38}},"8":{"start":{"line":26,"column":32},"end":{"line":26,"column":47}},"9":{"start":{"line":27,"column":19},"end":{"line":27,"column":53}},"10":{"start":{"line":27,"column":42},"end":{"line":27,"column":52}},"11":{"start":{"line":28,"column":28},"end":{"line":28,"column":43}},"12":{"start":{"line":30,"column":24},"end":{"line":32,"column":3}},"13":{"start":{"line":31,"column":4},"end":{"line":31,"column":19}},"14":{"start":{"line":34,"column":25},"end":{"line":51,"column":3}},"15":{"start":{"line":35,"column":4},"end":{"line":50,"column":5}},"16":{"start":{"line":36,"column":23},"end":{"line":44,"column":7}},"17":{"start":{"line":45,"column":6},"end":{"line":49,"column":7}},"18":{"start":{"line":46,"column":8},"end":{"line":46,"column":24}},"19":{"start":{"line":47,"column":8},"end":{"line":47,"column":34}},"20":{"start":{"line":48,"column":8},"end":{"line":48,"column":29}},"21":{"start":{"line":52,"column":24},"end":{"line":54,"column":3}},"22":{"start":{"line":53,"column":4},"end":{"line":53,"column":44}},"23":{"start":{"line":53,"column":28},"end":{"line":53,"column":44}},"24":{"start":{"line":56,"column":19},"end":{"line":67,"column":3}},"25":{"start":{"line":57,"column":21},"end":{"line":65,"column":5}},"26":{"start":{"line":66,"column":4},"end":{"line":66,"column":28}},"27":{"start":{"line":69,"column":2},"end":{"line":75,"column":11}},"28":{"start":{"line":70,"column":4},"end":{"line":74,"column":5}},"29":{"start":{"line":71,"column":6},"end":{"line":71,"column":19}},"30":{"start":{"line":73,"column":6},"end":{"line":73,"column":21}},"31":{"start":{"line":77,"column":2},"end":{"line":81,"column":13}},"32":{"start":{"line":78,"column":17},"end":{"line":78,"column":41}},"33":{"start":{"line":79,"column":25},"end":{"line":79,"column":50}},"34":{"start":{"line":80,"column":4},"end":{"line":80,"column":26}},"35":{"start":{"line":83,"column":2},"end":{"line":92,"column":13}},"36":{"start":{"line":84,"column":4},"end":{"line":91,"column":5}},"37":{"start":{"line":88,"column":6},"end":{"line":88,"column":22}},"38":{"start":{"line":90,"column":6},"end":{"line":90,"column":21}},"39":{"start":{"line":94,"column":2},"end":{"line":143,"column":4}}},"fnMap":{"0":{"name":"(anonymous_0)","decl":{"start":{"line":18,"column":31},"end":{"line":18,"column":32}},"loc":{"start":{"line":18,"column":37},"end":{"line":144,"column":1}},"line":18},"1":{"name":"(anonymous_1)","decl":{"start":{"line":27,"column":31},"end":{"line":27,"column":32}},"loc":{"start":{"line":27,"column":42},"end":{"line":27,"column":52}},"line":27},"2":{"name":"(anonymous_2)","decl":{"start":{"line":30,"column":24},"end":{"line":30,"column":25}},"loc":{"start":{"line":30,"column":35},"end":{"line":32,"column":3}},"line":30},"3":{"name":"(anonymous_3)","decl":{"start":{"line":34,"column":25},"end":{"line":34,"column":26}},"loc":{"start":{"line":34,"column":42},"end":{"line":51,"column":3}},"line":34},"4":{"name":"(anonymous_4)","decl":{"start":{"line":52,"column":24},"end":{"line":52,"column":25}},"loc":{"start":{"line":52,"column":35},"end":{"line":54,"column":3}},"line":52},"5":{"name":"(anonymous_5)","decl":{"start":{"line":56,"column":19},"end":{"line":56,"column":20}},"loc":{"start":{"line":56,"column":33},"end":{"line":67,"column":3}},"line":56},"6":{"name":"(anonymous_6)","decl":{"start":{"line":69,"column":12},"end":{"line":69,"column":13}},"loc":{"start":{"line":69,"column":18},"end":{"line":75,"column":3}},"line":69},"7":{"name":"(anonymous_7)","decl":{"start":{"line":77,"column":12},"end":{"line":77,"column":13}},"loc":{"start":{"line":77,"column":18},"end":{"line":81,"column":3}},"line":77},"8":{"name":"(anonymous_8)","decl":{"start":{"line":83,"column":12},"end":{"line":83,"column":13}},"loc":{"start":{"line":83,"column":18},"end":{"line":92,"column":3}},"line":83}},"branchMap":{"0":{"loc":{"start":{"line":35,"column":4},"end":{"line":50,"column":5}},"type":"if","locations":[{"start":{"line":35,"column":4},"end":{"line":50,"column":5}},{"start":{},"end":{}}],"line":35},"1":{"loc":{"start":{"line":45,"column":6},"end":{"line":49,"column":7}},"type":"if","locations":[{"start":{"line":45,"column":6},"end":{"line":49,"column":7}},{"start":{},"end":{}}],"line":45},"2":{"loc":{"start":{"line":45,"column":10},"end":{"line":45,"column":35}},"type":"binary-expr","locations":[{"start":{"line":45,"column":10},"end":{"line":45,"column":23}},{"start":{"line":45,"column":27},"end":{"line":45,"column":35}}],"line":45},"3":{"loc":{"start":{"line":53,"column":4},"end":{"line":53,"column":44}},"type":"if","locations":[{"start":{"line":53,"column":4},"end":{"line":53,"column":44}},{"start":{},"end":{}}],"line":53},"4":{"loc":{"start":{"line":70,"column":4},"end":{"line":74,"column":5}},"type":"if","locations":[{"start":{"line":70,"column":4},"end":{"line":74,"column":5}},{"start":{"line":72,"column":11},"end":{"line":74,"column":5}}],"line":70},"5":{"loc":{"start":{"line":84,"column":4},"end":{"line":91,"column":5}},"type":"if","locations":[{"start":{"line":84,"column":4},"end":{"line":91,"column":5}},{"start":{"line":89,"column":11},"end":{"line":91,"column":5}}],"line":84},"6":{"loc":{"start":{"line":85,"column":6},"end":{"line":86,"column":41}},"type":"binary-expr","locations":[{"start":{"line":85,"column":6},"end":{"line":85,"column":38}},{"start":{"line":86,"column":6},"end":{"line":86,"column":41}}],"line":85},"7":{"loc":{"start":{"line":113,"column":15},"end":{"line":115,"column":39}},"type":"binary-expr","locations":[{"start":{"line":113,"column":15},"end":{"line":113,"column":26}},{"start":{"line":114,"column":16},"end":{"line":114,"column":40}},{"start":{"line":115,"column":16},"end":{"line":115,"column":39}}],"line":113},"8":{"loc":{"start":{"line":121,"column":7},"end":{"line":123,"column":7}},"type":"binary-expr","locations":[{"start":{"line":121,"column":7},"end":{"line":121,"column":12}},{"start":{"line":122,"column":8},"end":{"line":122,"column":79}}],"line":121},"9":{"loc":{"start":{"line":124,"column":7},"end":{"line":140,"column":7}},"type":"binary-expr","locations":[{"start":{"line":124,"column":7},"end":{"line":124,"column":15}},{"start":{"line":125,"column":8},"end":{"line":139,"column":14}}],"line":124}},"s":{"0":0,"1":0,"2":0,"3":0,"4":0,"5":0,"6":0,"7":0,"8":0,"9":0,"10":0,"11":0,"12":0,"13":0,"14":0,"15":0,"16":0,"17":0,"18":0,"19":0,"20":0,"21":0,"22":0,"23":0,"24":0,"25":0,"26":0,"27":0,"28":0,"29":0,"30":0,"31":0,"32":0,"33":0,"34":0,"35":0,"36":0,"37":0,"38":0,"39":0},"f":{"0":0,"1":0,"2":0,"3":0,"4":0,"5":0,"6":0,"7":0,"8":0},"b":{"0":[0,0],"1":[0,0],"2":[0,0],"3":[0,0],"4":[0,0],"5":[0,0],"6":[0,0],"7":[0,0,0],"8":[0,0],"9":[0,0]}}
,"C:\\projects\\Blogger-New\\blogger_frontend\\src\\components\\blog\\showOneFullBlog\\Sample.jsx": {"path":"C:\\projects\\Blogger-New\\blogger_frontend\\src\\components\\blog\\showOneFullBlog\\Sample.jsx","statementMap":{"0":{"start":{"line":1,"column":15},"end":{"line":5,"column":1}},"1":{"start":{"line":2,"column":2},"end":{"line":4,"column":3}}},"fnMap":{"0":{"name":"(anonymous_0)","decl":{"start":{"line":1,"column":15},"end":{"line":1,"column":16}},"loc":{"start":{"line":1,"column":21},"end":{"line":5,"column":1}},"line":1}},"branchMap":{},"s":{"0":0,"1":0},"f":{"0":0},"b":{}}
,"C:\\projects\\Blogger-New\\blogger_frontend\\src\\components\\blog\\updateBlog\\Component.jsx": {"path":"C:\\projects\\Blogger-New\\blogger_frontend\\src\\components\\blog\\updateBlog\\Component.jsx","statementMap":{"0":{"start":{"line":34,"column":26},"end":{"line":208,"column":1}},"1":{"start":{"line":35,"column":26},"end":{"line":35,"column":39}},"2":{"start":{"line":36,"column":13},"end":{"line":36,"column":39}},"3":{"start":{"line":37,"column":19},"end":{"line":37,"column":32}},"4":{"start":{"line":38,"column":24},"end":{"line":38,"column":37}},"5":{"start":{"line":39,"column":19},"end":{"line":39,"column":53}},"6":{"start":{"line":39,"column":42},"end":{"line":39,"column":52}},"7":{"start":{"line":40,"column":20},"end":{"line":40,"column":49}},"8":{"start":{"line":41,"column":20},"end":{"line":41,"column":49}},"9":{"start":{"line":42,"column":25},"end":{"line":42,"column":57}},"10":{"start":{"line":43,"column":19},"end":{"line":43,"column":47}},"11":{"start":{"line":44,"column":20},"end":{"line":44,"column":49}},"12":{"start":{"line":45,"column":14},"end":{"line":45,"column":44}},"13":{"start":{"line":47,"column":24},"end":{"line":47,"column":36}},"14":{"start":{"line":48,"column":28},"end":{"line":48,"column":40}},"15":{"start":{"line":49,"column":26},"end":{"line":49,"column":38}},"16":{"start":{"line":50,"column":46},"end":{"line":50,"column":58}},"17":{"start":{"line":51,"column":31},"end":{"line":51,"column":72}},"18":{"start":{"line":53,"column":22},"end":{"line":80,"column":3}},"19":{"start":{"line":54,"column":4},"end":{"line":79,"column":5}},"20":{"start":{"line":55,"column":6},"end":{"line":55,"column":33}},"21":{"start":{"line":56,"column":19},"end":{"line":56,"column":40}},"22":{"start":{"line":57,"column":19},"end":{"line":57,"column":33}},"23":{"start":{"line":58,"column":6},"end":{"line":58,"column":33}},"24":{"start":{"line":60,"column":21},"end":{"line":60,"column":37}},"25":{"start":{"line":61,"column":6},"end":{"line":61,"column":33}},"26":{"start":{"line":62,"column":6},"end":{"line":72,"column":8}},"27":{"start":{"line":63,"column":27},"end":{"line":63,"column":40}},"28":{"start":{"line":64,"column":8},"end":{"line":71,"column":11}},"29":{"start":{"line":74,"column":6},"end":{"line":78,"column":9}},"30":{"start":{"line":82,"column":22},"end":{"line":114,"column":3}},"31":{"start":{"line":83,"column":4},"end":{"line":83,"column":23}},"32":{"start":{"line":84,"column":20},"end":{"line":84,"column":47}},"33":{"start":{"line":85,"column":20},"end":{"line":85,"column":47}},"34":{"start":{"line":86,"column":19},"end":{"line":86,"column":45}},"35":{"start":{"line":87,"column":23},"end":{"line":87,"column":53}},"36":{"start":{"line":89,"column":4},"end":{"line":113,"column":5}},"37":{"start":{"line":90,"column":6},"end":{"line":90,"column":33}},"38":{"start":{"line":92,"column":26},"end":{"line":98,"column":7}},"39":{"start":{"line":99,"column":6},"end":{"line":107,"column":8}},"40":{"start":{"line":108,"column":6},"end":{"line":110,"column":9}},"41":{"start":{"line":111,"column":6},"end":{"line":111,"column":37}},"42":{"start":{"line":112,"column":6},"end":{"line":112,"column":27}},"43":{"start":{"line":116,"column":19},"end":{"line":127,"column":3}},"44":{"start":{"line":117,"column":21},"end":{"line":125,"column":5}},"45":{"start":{"line":126,"column":4},"end":{"line":126,"column":28}},"46":{"start":{"line":129,"column":2},"end":{"line":132,"column":11}},"47":{"start":{"line":130,"column":4},"end":{"line":131,"column":20}},"48":{"start":{"line":130,"column":13},"end":{"line":130,"column":28}},"49":{"start":{"line":131,"column":9},"end":{"line":131,"column":20}},"50":{"start":{"line":134,"column":2},"end":{"line":145,"column":13}},"51":{"start":{"line":135,"column":4},"end":{"line":144,"column":5}},"52":{"start":{"line":136,"column":27},"end":{"line":142,"column":7}},"53":{"start":{"line":143,"column":6},"end":{"line":143,"column":36}},"54":{"start":{"line":147,"column":2},"end":{"line":149,"column":13}},"55":{"start":{"line":148,"column":4},"end":{"line":148,"column":30}},"56":{"start":{"line":148,"column":15},"end":{"line":148,"column":30}},"57":{"start":{"line":151,"column":2},"end":{"line":160,"column":25}},"58":{"start":{"line":152,"column":4},"end":{"line":159,"column":5}},"59":{"start":{"line":153,"column":6},"end":{"line":158,"column":11}},"60":{"start":{"line":154,"column":8},"end":{"line":158,"column":11}},"61":{"start":{"line":162,"column":2},"end":{"line":170,"column":14}},"62":{"start":{"line":163,"column":18},"end":{"line":165,"column":12}},"63":{"start":{"line":164,"column":6},"end":{"line":164,"column":19}},"64":{"start":{"line":167,"column":4},"end":{"line":169,"column":6}},"65":{"start":{"line":168,"column":6},"end":{"line":168,"column":26}},"66":{"start":{"line":172,"column":16},"end":{"line":199,"column":3}},"67":{"start":{"line":201,"column":2},"end":{"line":207,"column":4}}},"fnMap":{"0":{"name":"(anonymous_0)","decl":{"start":{"line":34,"column":26},"end":{"line":34,"column":27}},"loc":{"start":{"line":34,"column":32},"end":{"line":208,"column":1}},"line":34},"1":{"name":"(anonymous_1)","decl":{"start":{"line":39,"column":31},"end":{"line":39,"column":32}},"loc":{"start":{"line":39,"column":42},"end":{"line":39,"column":52}},"line":39},"2":{"name":"(anonymous_2)","decl":{"start":{"line":53,"column":22},"end":{"line":53,"column":23}},"loc":{"start":{"line":53,"column":33},"end":{"line":80,"column":3}},"line":53},"3":{"name":"(anonymous_3)","decl":{"start":{"line":62,"column":25},"end":{"line":62,"column":26}},"loc":{"start":{"line":62,"column":31},"end":{"line":72,"column":7}},"line":62},"4":{"name":"(anonymous_4)","decl":{"start":{"line":82,"column":22},"end":{"line":82,"column":23}},"loc":{"start":{"line":82,"column":35},"end":{"line":114,"column":3}},"line":82},"5":{"name":"(anonymous_5)","decl":{"start":{"line":116,"column":19},"end":{"line":116,"column":20}},"loc":{"start":{"line":116,"column":31},"end":{"line":127,"column":3}},"line":116},"6":{"name":"(anonymous_6)","decl":{"start":{"line":129,"column":12},"end":{"line":129,"column":13}},"loc":{"start":{"line":129,"column":18},"end":{"line":132,"column":3}},"line":129},"7":{"name":"(anonymous_7)","decl":{"start":{"line":134,"column":12},"end":{"line":134,"column":13}},"loc":{"start":{"line":134,"column":18},"end":{"line":145,"column":3}},"line":134},"8":{"name":"(anonymous_8)","decl":{"start":{"line":147,"column":12},"end":{"line":147,"column":13}},"loc":{"start":{"line":147,"column":18},"end":{"line":149,"column":3}},"line":147},"9":{"name":"(anonymous_9)","decl":{"start":{"line":151,"column":12},"end":{"line":151,"column":13}},"loc":{"start":{"line":151,"column":18},"end":{"line":160,"column":3}},"line":151},"10":{"name":"(anonymous_10)","decl":{"start":{"line":162,"column":12},"end":{"line":162,"column":13}},"loc":{"start":{"line":162,"column":18},"end":{"line":170,"column":3}},"line":162},"11":{"name":"(anonymous_11)","decl":{"start":{"line":163,"column":29},"end":{"line":163,"column":30}},"loc":{"start":{"line":163,"column":35},"end":{"line":165,"column":5}},"line":163},"12":{"name":"(anonymous_12)","decl":{"start":{"line":167,"column":11},"end":{"line":167,"column":12}},"loc":{"start":{"line":167,"column":17},"end":{"line":169,"column":5}},"line":167}},"branchMap":{"0":{"loc":{"start":{"line":54,"column":4},"end":{"line":79,"column":5}},"type":"if","locations":[{"start":{"line":54,"column":4},"end":{"line":79,"column":5}},{"start":{"line":73,"column":11},"end":{"line":79,"column":5}}],"line":54},"1":{"loc":{"start":{"line":89,"column":4},"end":{"line":113,"column":5}},"type":"if","locations":[{"start":{"line":89,"column":4},"end":{"line":113,"column":5}},{"start":{"line":91,"column":11},"end":{"line":113,"column":5}}],"line":89},"2":{"loc":{"start":{"line":89,"column":8},"end":{"line":89,"column":54}},"type":"binary-expr","locations":[{"start":{"line":89,"column":8},"end":{"line":89,"column":16}},{"start":{"line":89,"column":20},"end":{"line":89,"column":28}},{"start":{"line":89,"column":32},"end":{"line":89,"column":39}},{"start":{"line":89,"column":43},"end":{"line":89,"column":54}}],"line":89},"3":{"loc":{"start":{"line":130,"column":4},"end":{"line":131,"column":20}},"type":"if","locations":[{"start":{"line":130,"column":4},"end":{"line":131,"column":20}},{"start":{"line":131,"column":9},"end":{"line":131,"column":20}}],"line":130},"4":{"loc":{"start":{"line":135,"column":4},"end":{"line":144,"column":5}},"type":"if","locations":[{"start":{"line":135,"column":4},"end":{"line":144,"column":5}},{"start":{},"end":{}}],"line":135},"5":{"loc":{"start":{"line":148,"column":4},"end":{"line":148,"column":30}},"type":"if","locations":[{"start":{"line":148,"column":4},"end":{"line":148,"column":30}},{"start":{},"end":{}}],"line":148},"6":{"loc":{"start":{"line":152,"column":4},"end":{"line":159,"column":5}},"type":"if","locations":[{"start":{"line":152,"column":4},"end":{"line":159,"column":5}},{"start":{},"end":{}}],"line":152}},"s":{"0":0,"1":0,"2":0,"3":0,"4":0,"5":0,"6":0,"7":0,"8":0,"9":0,"10":0,"11":0,"12":0,"13":0,"14":0,"15":0,"16":0,"17":0,"18":0,"19":0,"20":0,"21":0,"22":0,"23":0,"24":0,"25":0,"26":0,"27":0,"28":0,"29":0,"30":0,"31":0,"32":0,"33":0,"34":0,"35":0,"36":0,"37":0,"38":0,"39":0,"40":0,"41":0,"42":0,"43":0,"44":0,"45":0,"46":0,"47":0,"48":0,"49":0,"50":0,"51":0,"52":0,"53":0,"54":0,"55":0,"56":0,"57":0,"58":0,"59":0,"60":0,"61":0,"62":0,"63":0,"64":0,"65":0,"66":0,"67":0},"f":{"0":0,"1":0,"2":0,"3":0,"4":0,"5":0,"6":0,"7":0,"8":0,"9":0,"10":0,"11":0,"12":0},"b":{"0":[0,0],"1":[0,0],"2":[0,0,0,0],"3":[0,0],"4":[0,0],"5":[0,0],"6":[0,0]}}
,"C:\\projects\\Blogger-New\\blogger_frontend\\src\\components\\contact\\Component.jsx": {"path":"C:\\projects\\Blogger-New\\blogger_frontend\\src\\components\\contact\\Component.jsx","statementMap":{"0":{"start":{"line":37,"column":20},"end":{"line":42,"column":1}},"1":{"start":{"line":44,"column":23},"end":{"line":161,"column":1}},"2":{"start":{"line":45,"column":31},"end":{"line":45,"column":67}},"3":{"start":{"line":46,"column":28},"end":{"line":46,"column":40}},"4":{"start":{"line":47,"column":28},"end":{"line":47,"column":43}},"5":{"start":{"line":48,"column":24},"end":{"line":48,"column":37}},"6":{"start":{"line":50,"column":15},"end":{"line":50,"column":50}},"7":{"start":{"line":51,"column":19},"end":{"line":51,"column":57}},"8":{"start":{"line":52,"column":21},"end":{"line":52,"column":51}},"9":{"start":{"line":53,"column":14},"end":{"line":53,"column":44}},"10":{"start":{"line":55,"column":28},"end":{"line":61,"column":3}},"11":{"start":{"line":56,"column":4},"end":{"line":60,"column":7}},"12":{"start":{"line":63,"column":22},"end":{"line":87,"column":3}},"13":{"start":{"line":64,"column":4},"end":{"line":64,"column":27}},"14":{"start":{"line":65,"column":26},"end":{"line":65,"column":53}},"15":{"start":{"line":66,"column":23},"end":{"line":66,"column":53}},"16":{"start":{"line":67,"column":22},"end":{"line":67,"column":51}},"17":{"start":{"line":68,"column":21},"end":{"line":68,"column":51}},"18":{"start":{"line":69,"column":4},"end":{"line":86,"column":5}},"19":{"start":{"line":70,"column":6},"end":{"line":70,"column":33}},"20":{"start":{"line":72,"column":23},"end":{"line":79,"column":7}},"21":{"start":{"line":80,"column":6},"end":{"line":85,"column":7}},"22":{"start":{"line":81,"column":8},"end":{"line":81,"column":23}},"23":{"start":{"line":82,"column":8},"end":{"line":84,"column":11}},"24":{"start":{"line":89,"column":2},"end":{"line":102,"column":21}},"25":{"start":{"line":90,"column":4},"end":{"line":90,"column":40}},"26":{"start":{"line":91,"column":19},"end":{"line":93,"column":12}},"27":{"start":{"line":92,"column":6},"end":{"line":92,"column":19}},"28":{"start":{"line":94,"column":19},"end":{"line":96,"column":12}},"29":{"start":{"line":95,"column":6},"end":{"line":95,"column":22}},"30":{"start":{"line":98,"column":4},"end":{"line":101,"column":6}},"31":{"start":{"line":99,"column":6},"end":{"line":99,"column":27}},"32":{"start":{"line":100,"column":6},"end":{"line":100,"column":27}},"33":{"start":{"line":104,"column":2},"end":{"line":160,"column":4}}},"fnMap":{"0":{"name":"(anonymous_0)","decl":{"start":{"line":44,"column":23},"end":{"line":44,"column":24}},"loc":{"start":{"line":44,"column":29},"end":{"line":161,"column":1}},"line":44},"1":{"name":"(anonymous_1)","decl":{"start":{"line":55,"column":28},"end":{"line":55,"column":29}},"loc":{"start":{"line":55,"column":39},"end":{"line":61,"column":3}},"line":55},"2":{"name":"(anonymous_2)","decl":{"start":{"line":63,"column":22},"end":{"line":63,"column":23}},"loc":{"start":{"line":63,"column":39},"end":{"line":87,"column":3}},"line":63},"3":{"name":"(anonymous_3)","decl":{"start":{"line":89,"column":12},"end":{"line":89,"column":13}},"loc":{"start":{"line":89,"column":18},"end":{"line":102,"column":3}},"line":89},"4":{"name":"(anonymous_4)","decl":{"start":{"line":91,"column":30},"end":{"line":91,"column":31}},"loc":{"start":{"line":91,"column":36},"end":{"line":93,"column":5}},"line":91},"5":{"name":"(anonymous_5)","decl":{"start":{"line":94,"column":30},"end":{"line":94,"column":31}},"loc":{"start":{"line":94,"column":36},"end":{"line":96,"column":5}},"line":94},"6":{"name":"(anonymous_6)","decl":{"start":{"line":98,"column":11},"end":{"line":98,"column":12}},"loc":{"start":{"line":98,"column":17},"end":{"line":101,"column":5}},"line":98}},"branchMap":{"0":{"loc":{"start":{"line":69,"column":4},"end":{"line":86,"column":5}},"type":"if","locations":[{"start":{"line":69,"column":4},"end":{"line":86,"column":5}},{"start":{"line":71,"column":11},"end":{"line":86,"column":5}}],"line":69},"1":{"loc":{"start":{"line":69,"column":8},"end":{"line":69,"column":64}},"type":"binary-expr","locations":[{"start":{"line":69,"column":8},"end":{"line":69,"column":22}},{"start":{"line":69,"column":26},"end":{"line":69,"column":37}},{"start":{"line":69,"column":41},"end":{"line":69,"column":51}},{"start":{"line":69,"column":55},"end":{"line":69,"column":64}}],"line":69},"2":{"loc":{"start":{"line":80,"column":6},"end":{"line":85,"column":7}},"type":"if","locations":[{"start":{"line":80,"column":6},"end":{"line":85,"column":7}},{"start":{},"end":{}}],"line":80},"3":{"loc":{"start":{"line":80,"column":10},"end":{"line":80,"column":35}},"type":"binary-expr","locations":[{"start":{"line":80,"column":10},"end":{"line":80,"column":18}},{"start":{"line":80,"column":22},"end":{"line":80,"column":35}}],"line":80},"4":{"loc":{"start":{"line":152,"column":11},"end":{"line":152,"column":44}},"type":"binary-expr","locations":[{"start":{"line":152,"column":11},"end":{"line":152,"column":16}},{"start":{"line":152,"column":20},"end":{"line":152,"column":44}}],"line":152},"5":{"loc":{"start":{"line":153,"column":11},"end":{"line":153,"column":68}},"type":"binary-expr","locations":[{"start":{"line":153,"column":11},"end":{"line":153,"column":16}},{"start":{"line":153,"column":20},"end":{"line":153,"column":68}}],"line":153}},"s":{"0":0,"1":0,"2":0,"3":0,"4":0,"5":0,"6":0,"7":0,"8":0,"9":0,"10":0,"11":0,"12":0,"13":0,"14":0,"15":0,"16":0,"17":0,"18":0,"19":0,"20":0,"21":0,"22":0,"23":0,"24":0,"25":0,"26":0,"27":0,"28":0,"29":0,"30":0,"31":0,"32":0,"33":0},"f":{"0":0,"1":0,"2":0,"3":0,"4":0,"5":0,"6":0},"b":{"0":[0,0],"1":[0,0,0,0],"2":[0,0],"3":[0,0],"4":[0,0],"5":[0,0]}}
,"C:\\projects\\Blogger-New\\blogger_frontend\\src\\components\\customHooks\\useFocus.js": {"path":"C:\\projects\\Blogger-New\\blogger_frontend\\src\\components\\customHooks\\useFocus.js","statementMap":{"0":{"start":{"line":3,"column":24},"end":{"line":11,"column":1}},"1":{"start":{"line":4,"column":14},"end":{"line":4,"column":22}},"2":{"start":{"line":6,"column":2},"end":{"line":8,"column":9}},"3":{"start":{"line":7,"column":4},"end":{"line":7,"column":24}},"4":{"start":{"line":10,"column":2},"end":{"line":10,"column":13}}},"fnMap":{"0":{"name":"(anonymous_0)","decl":{"start":{"line":3,"column":24},"end":{"line":3,"column":25}},"loc":{"start":{"line":3,"column":30},"end":{"line":11,"column":1}},"line":3},"1":{"name":"(anonymous_1)","decl":{"start":{"line":6,"column":12},"end":{"line":6,"column":13}},"loc":{"start":{"line":6,"column":18},"end":{"line":8,"column":3}},"line":6}},"branchMap":{},"s":{"0":0,"1":0,"2":0,"3":0,"4":0},"f":{"0":0,"1":0},"b":{}}
,"C:\\projects\\Blogger-New\\blogger_frontend\\src\\components\\home\\Component.jsx": {"path":"C:\\projects\\Blogger-New\\blogger_frontend\\src\\components\\home\\Component.jsx","statementMap":{"0":{"start":{"line":23,"column":20},"end":{"line":240,"column":1}},"1":{"start":{"line":24,"column":19},"end":{"line":24,"column":32}},"2":{"start":{"line":25,"column":28},"end":{"line":25,"column":40}},"3":{"start":{"line":26,"column":28},"end":{"line":26,"column":39}},"4":{"start":{"line":27,"column":30},"end":{"line":27,"column":41}},"5":{"start":{"line":28,"column":38},"end":{"line":28,"column":49}},"6":{"start":{"line":29,"column":44},"end":{"line":29,"column":59}},"7":{"start":{"line":30,"column":44},"end":{"line":30,"column":59}},"8":{"start":{"line":31,"column":36},"end":{"line":31,"column":51}},"9":{"start":{"line":32,"column":32},"end":{"line":32,"column":46}},"10":{"start":{"line":33,"column":34},"end":{"line":33,"column":46}},"11":{"start":{"line":34,"column":38},"end":{"line":34,"column":50}},"12":{"start":{"line":35,"column":40},"end":{"line":35,"column":52}},"13":{"start":{"line":36,"column":26},"end":{"line":36,"column":62}},"14":{"start":{"line":36,"column":49},"end":{"line":36,"column":61}},"15":{"start":{"line":38,"column":26},"end":{"line":40,"column":3}},"16":{"start":{"line":39,"column":4},"end":{"line":39,"column":22}},"17":{"start":{"line":42,"column":22},"end":{"line":48,"column":3}},"18":{"start":{"line":43,"column":33},"end":{"line":43,"column":58}},"19":{"start":{"line":44,"column":4},"end":{"line":47,"column":5}},"20":{"start":{"line":45,"column":6},"end":{"line":46,"column":31}},"21":{"start":{"line":45,"column":44},"end":{"line":45,"column":75}},"22":{"start":{"line":46,"column":11},"end":{"line":46,"column":31}},"23":{"start":{"line":50,"column":22},"end":{"line":56,"column":3}},"24":{"start":{"line":51,"column":4},"end":{"line":55,"column":5}},"25":{"start":{"line":52,"column":6},"end":{"line":54,"column":31}},"26":{"start":{"line":52,"column":27},"end":{"line":52,"column":47}},"27":{"start":{"line":53,"column":11},"end":{"line":54,"column":31}},"28":{"start":{"line":53,"column":32},"end":{"line":53,"column":52}},"29":{"start":{"line":54,"column":11},"end":{"line":54,"column":31}},"30":{"start":{"line":58,"column":23},"end":{"line":77,"column":3}},"31":{"start":{"line":59,"column":4},"end":{"line":59,"column":21}},"32":{"start":{"line":60,"column":21},"end":{"line":69,"column":5}},"33":{"start":{"line":70,"column":4},"end":{"line":76,"column":5}},"34":{"start":{"line":71,"column":6},"end":{"line":75,"column":7}},"35":{"start":{"line":73,"column":8},"end":{"line":73,"column":50}},"36":{"start":{"line":74,"column":8},"end":{"line":74,"column":50}},"37":{"start":{"line":79,"column":23},"end":{"line":81,"column":3}},"38":{"start":{"line":80,"column":4},"end":{"line":80,"column":35}},"39":{"start":{"line":83,"column":28},"end":{"line":88,"column":3}},"40":{"start":{"line":84,"column":4},"end":{"line":84,"column":23}},"41":{"start":{"line":85,"column":4},"end":{"line":85,"column":20}},"42":{"start":{"line":86,"column":28},"end":{"line":86,"column":52}},"43":{"start":{"line":87,"column":4},"end":{"line":87,"column":50}},"44":{"start":{"line":87,"column":25},"end":{"line":87,"column":50}},"45":{"start":{"line":90,"column":30},"end":{"line":94,"column":3}},"46":{"start":{"line":91,"column":33},"end":{"line":91,"column":58}},"47":{"start":{"line":92,"column":4},"end":{"line":92,"column":51}},"48":{"start":{"line":93,"column":4},"end":{"line":93,"column":32}},"49":{"start":{"line":96,"column":25},"end":{"line":99,"column":3}},"50":{"start":{"line":97,"column":4},"end":{"line":97,"column":23}},"51":{"start":{"line":98,"column":4},"end":{"line":98,"column":36}},"52":{"start":{"line":101,"column":21},"end":{"line":137,"column":3}},"53":{"start":{"line":102,"column":21},"end":{"line":112,"column":5}},"54":{"start":{"line":113,"column":4},"end":{"line":115,"column":24}},"55":{"start":{"line":114,"column":6},"end":{"line":114,"column":66}},"56":{"start":{"line":114,"column":53},"end":{"line":114,"column":66}},"57":{"start":{"line":115,"column":11},"end":{"line":115,"column":24}},"58":{"start":{"line":117,"column":4},"end":{"line":133,"column":7}},"59":{"start":{"line":118,"column":28},"end":{"line":118,"column":29}},"60":{"start":{"line":119,"column":6},"end":{"line":125,"column":37}},"61":{"start":{"line":120,"column":8},"end":{"line":120,"column":28}},"62":{"start":{"line":121,"column":8},"end":{"line":121,"column":20}},"63":{"start":{"line":122,"column":13},"end":{"line":125,"column":37}},"64":{"start":{"line":123,"column":8},"end":{"line":123,"column":28}},"65":{"start":{"line":124,"column":8},"end":{"line":124,"column":20}},"66":{"start":{"line":125,"column":13},"end":{"line":125,"column":37}},"67":{"start":{"line":126,"column":25},"end":{"line":126,"column":27}},"68":{"start":{"line":127,"column":6},"end":{"line":131,"column":7}},"69":{"start":{"line":127,"column":19},"end":{"line":127,"column":20}},"70":{"start":{"line":128,"column":8},"end":{"line":130,"column":9}},"71":{"start":{"line":129,"column":10},"end":{"line":129,"column":33}},"72":{"start":{"line":132,"column":6},"end":{"line":132,"column":24}},"73":{"start":{"line":135,"column":4},"end":{"line":135,"column":46}},"74":{"start":{"line":136,"column":4},"end":{"line":136,"column":46}},"75":{"start":{"line":139,"column":2},"end":{"line":145,"column":20}},"76":{"start":{"line":140,"column":4},"end":{"line":140,"column":20}},"77":{"start":{"line":141,"column":4},"end":{"line":141,"column":23}},"78":{"start":{"line":142,"column":4},"end":{"line":142,"column":29}},"79":{"start":{"line":143,"column":4},"end":{"line":143,"column":16}},"80":{"start":{"line":144,"column":4},"end":{"line":144,"column":17}},"81":{"start":{"line":147,"column":2},"end":{"line":149,"column":22}},"82":{"start":{"line":148,"column":4},"end":{"line":148,"column":17}},"83":{"start":{"line":151,"column":2},"end":{"line":158,"column":19}},"84":{"start":{"line":152,"column":4},"end":{"line":156,"column":5}},"85":{"start":{"line":153,"column":6},"end":{"line":153,"column":28}},"86":{"start":{"line":155,"column":6},"end":{"line":155,"column":21}},"87":{"start":{"line":157,"column":4},"end":{"line":157,"column":17}},"88":{"start":{"line":160,"column":2},"end":{"line":167,"column":17}},"89":{"start":{"line":161,"column":4},"end":{"line":165,"column":5}},"90":{"start":{"line":162,"column":6},"end":{"line":162,"column":38}},"91":{"start":{"line":164,"column":6},"end":{"line":164,"column":21}},"92":{"start":{"line":166,"column":4},"end":{"line":166,"column":17}},"93":{"start":{"line":169,"column":2},"end":{"line":171,"column":26}},"94":{"start":{"line":170,"column":4},"end":{"line":170,"column":26}},"95":{"start":{"line":173,"column":2},"end":{"line":239,"column":4}},"96":{"start":{"line":193,"column":12},"end":{"line":203,"column":14}},"97":{"start":{"line":215,"column":12},"end":{"line":224,"column":16}},"98":{"start":{"line":216,"column":14},"end":{"line":224,"column":16}},"99":{"start":{"line":218,"column":33},"end":{"line":218,"column":52}},"100":{"start":{"line":225,"column":12},"end":{"line":225,"column":24}}},"fnMap":{"0":{"name":"(anonymous_0)","decl":{"start":{"line":23,"column":20},"end":{"line":23,"column":21}},"loc":{"start":{"line":23,"column":26},"end":{"line":240,"column":1}},"line":23},"1":{"name":"(anonymous_1)","decl":{"start":{"line":36,"column":38},"end":{"line":36,"column":39}},"loc":{"start":{"line":36,"column":49},"end":{"line":36,"column":61}},"line":36},"2":{"name":"(anonymous_2)","decl":{"start":{"line":38,"column":26},"end":{"line":38,"column":27}},"loc":{"start":{"line":38,"column":32},"end":{"line":40,"column":3}},"line":38},"3":{"name":"(anonymous_3)","decl":{"start":{"line":42,"column":22},"end":{"line":42,"column":23}},"loc":{"start":{"line":42,"column":28},"end":{"line":48,"column":3}},"line":42},"4":{"name":"(anonymous_4)","decl":{"start":{"line":50,"column":22},"end":{"line":50,"column":23}},"loc":{"start":{"line":50,"column":28},"end":{"line":56,"column":3}},"line":50},"5":{"name":"(anonymous_5)","decl":{"start":{"line":58,"column":23},"end":{"line":58,"column":24}},"loc":{"start":{"line":58,"column":40},"end":{"line":77,"column":3}},"line":58},"6":{"name":"(anonymous_6)","decl":{"start":{"line":79,"column":23},"end":{"line":79,"column":24}},"loc":{"start":{"line":79,"column":30},"end":{"line":81,"column":3}},"line":79},"7":{"name":"(anonymous_7)","decl":{"start":{"line":83,"column":28},"end":{"line":83,"column":29}},"loc":{"start":{"line":83,"column":35},"end":{"line":88,"column":3}},"line":83},"8":{"name":"(anonymous_8)","decl":{"start":{"line":90,"column":30},"end":{"line":90,"column":31}},"loc":{"start":{"line":90,"column":36},"end":{"line":94,"column":3}},"line":90},"9":{"name":"(anonymous_9)","decl":{"start":{"line":96,"column":25},"end":{"line":96,"column":26}},"loc":{"start":{"line":96,"column":36},"end":{"line":99,"column":3}},"line":96},"10":{"name":"(anonymous_10)","decl":{"start":{"line":101,"column":21},"end":{"line":101,"column":22}},"loc":{"start":{"line":101,"column":33},"end":{"line":137,"column":3}},"line":101},"11":{"name":"(anonymous_11)","decl":{"start":{"line":117,"column":18},"end":{"line":117,"column":19}},"loc":{"start":{"line":117,"column":38},"end":{"line":133,"column":5}},"line":117},"12":{"name":"(anonymous_12)","decl":{"start":{"line":139,"column":12},"end":{"line":139,"column":13}},"loc":{"start":{"line":139,"column":18},"end":{"line":145,"column":3}},"line":139},"13":{"name":"(anonymous_13)","decl":{"start":{"line":147,"column":12},"end":{"line":147,"column":13}},"loc":{"start":{"line":147,"column":18},"end":{"line":149,"column":3}},"line":147},"14":{"name":"(anonymous_14)","decl":{"start":{"line":151,"column":12},"end":{"line":151,"column":13}},"loc":{"start":{"line":151,"column":18},"end":{"line":158,"column":3}},"line":151},"15":{"name":"(anonymous_15)","decl":{"start":{"line":160,"column":12},"end":{"line":160,"column":13}},"loc":{"start":{"line":160,"column":18},"end":{"line":167,"column":3}},"line":160},"16":{"name":"(anonymous_16)","decl":{"start":{"line":169,"column":12},"end":{"line":169,"column":13}},"loc":{"start":{"line":169,"column":18},"end":{"line":171,"column":3}},"line":169},"17":{"name":"(anonymous_17)","decl":{"start":{"line":192,"column":20},"end":{"line":192,"column":21}},"loc":{"start":{"line":192,"column":38},"end":{"line":204,"column":11}},"line":192},"18":{"name":"(anonymous_18)","decl":{"start":{"line":214,"column":26},"end":{"line":214,"column":27}},"loc":{"start":{"line":214,"column":42},"end":{"line":226,"column":11}},"line":214},"19":{"name":"(anonymous_19)","decl":{"start":{"line":218,"column":27},"end":{"line":218,"column":28}},"loc":{"start":{"line":218,"column":33},"end":{"line":218,"column":52}},"line":218}},"branchMap":{"0":{"loc":{"start":{"line":44,"column":4},"end":{"line":47,"column":5}},"type":"if","locations":[{"start":{"line":44,"column":4},"end":{"line":47,"column":5}},{"start":{},"end":{}}],"line":44},"1":{"loc":{"start":{"line":45,"column":6},"end":{"line":46,"column":31}},"type":"if","locations":[{"start":{"line":45,"column":6},"end":{"line":46,"column":31}},{"start":{"line":46,"column":11},"end":{"line":46,"column":31}}],"line":45},"2":{"loc":{"start":{"line":51,"column":4},"end":{"line":55,"column":5}},"type":"if","locations":[{"start":{"line":51,"column":4},"end":{"line":55,"column":5}},{"start":{},"end":{}}],"line":51},"3":{"loc":{"start":{"line":52,"column":6},"end":{"line":54,"column":31}},"type":"if","locations":[{"start":{"line":52,"column":6},"end":{"line":54,"column":31}},{"start":{"line":53,"column":11},"end":{"line":54,"column":31}}],"line":52},"4":{"loc":{"start":{"line":53,"column":11},"end":{"line":54,"column":31}},"type":"if","locations":[{"start":{"line":53,"column":11},"end":{"line":54,"column":31}},{"start":{"line":54,"column":11},"end":{"line":54,"column":31}}],"line":53},"5":{"loc":{"start":{"line":70,"column":4},"end":{"line":76,"column":5}},"type":"if","locations":[{"start":{"line":70,"column":4},"end":{"line":76,"column":5}},{"start":{},"end":{}}],"line":70},"6":{"loc":{"start":{"line":71,"column":6},"end":{"line":75,"column":7}},"type":"if","locations":[{"start":{"line":71,"column":6},"end":{"line":75,"column":7}},{"start":{"line":72,"column":13},"end":{"line":75,"column":7}}],"line":71},"7":{"loc":{"start":{"line":87,"column":4},"end":{"line":87,"column":50}},"type":"if","locations":[{"start":{"line":87,"column":4},"end":{"line":87,"column":50}},{"start":{},"end":{}}],"line":87},"8":{"loc":{"start":{"line":113,"column":4},"end":{"line":115,"column":24}},"type":"if","locations":[{"start":{"line":113,"column":4},"end":{"line":115,"column":24}},{"start":{"line":115,"column":11},"end":{"line":115,"column":24}}],"line":113},"9":{"loc":{"start":{"line":114,"column":6},"end":{"line":114,"column":66}},"type":"if","locations":[{"start":{"line":114,"column":6},"end":{"line":114,"column":66}},{"start":{},"end":{}}],"line":114},"10":{"loc":{"start":{"line":119,"column":6},"end":{"line":125,"column":37}},"type":"if","locations":[{"start":{"line":119,"column":6},"end":{"line":125,"column":37}},{"start":{"line":122,"column":13},"end":{"line":125,"column":37}}],"line":119},"11":{"loc":{"start":{"line":122,"column":13},"end":{"line":125,"column":37}},"type":"if","locations":[{"start":{"line":122,"column":13},"end":{"line":125,"column":37}},{"start":{"line":125,"column":13},"end":{"line":125,"column":37}}],"line":122},"12":{"loc":{"start":{"line":128,"column":8},"end":{"line":130,"column":9}},"type":"if","locations":[{"start":{"line":128,"column":8},"end":{"line":130,"column":9}},{"start":{},"end":{}}],"line":128},"13":{"loc":{"start":{"line":152,"column":4},"end":{"line":156,"column":5}},"type":"if","locations":[{"start":{"line":152,"column":4},"end":{"line":156,"column":5}},{"start":{"line":154,"column":11},"end":{"line":156,"column":5}}],"line":152},"14":{"loc":{"start":{"line":161,"column":4},"end":{"line":165,"column":5}},"type":"if","locations":[{"start":{"line":161,"column":4},"end":{"line":165,"column":5}},{"start":{"line":163,"column":11},"end":{"line":165,"column":5}}],"line":161},"15":{"loc":{"start":{"line":176,"column":7},"end":{"line":176,"column":29}},"type":"binary-expr","locations":[{"start":{"line":176,"column":7},"end":{"line":176,"column":14}},{"start":{"line":176,"column":18},"end":{"line":176,"column":29}}],"line":176},"16":{"loc":{"start":{"line":191,"column":9},"end":{"line":204,"column":12}},"type":"binary-expr","locations":[{"start":{"line":191,"column":9},"end":{"line":191,"column":27}},{"start":{"line":192,"column":10},"end":{"line":204,"column":12}}],"line":191},"17":{"loc":{"start":{"line":206,"column":7},"end":{"line":236,"column":7}},"type":"cond-expr","locations":[{"start":{"line":207,"column":8},"end":{"line":233,"column":14}},{"start":{"line":235,"column":8},"end":{"line":235,"column":76}}],"line":206},"18":{"loc":{"start":{"line":209,"column":23},"end":{"line":209,"column":63}},"type":"cond-expr","locations":[{"start":{"line":209,"column":40},"end":{"line":209,"column":54}},{"start":{"line":209,"column":57},"end":{"line":209,"column":63}}],"line":209},"19":{"loc":{"start":{"line":215,"column":12},"end":{"line":224,"column":16}},"type":"if","locations":[{"start":{"line":215,"column":12},"end":{"line":224,"column":16}},{"start":{},"end":{}}],"line":215},"20":{"loc":{"start":{"line":219,"column":37},"end":{"line":219,"column":65}},"type":"binary-expr","locations":[{"start":{"line":219,"column":37},"end":{"line":219,"column":53}},{"start":{"line":219,"column":57},"end":{"line":219,"column":65}}],"line":219},"21":{"loc":{"start":{"line":228,"column":23},"end":{"line":228,"column":63}},"type":"cond-expr","locations":[{"start":{"line":228,"column":40},"end":{"line":228,"column":54}},{"start":{"line":228,"column":57},"end":{"line":228,"column":63}}],"line":228}},"s":{"0":0,"1":0,"2":0,"3":0,"4":0,"5":0,"6":0,"7":0,"8":0,"9":0,"10":0,"11":0,"12":0,"13":0,"14":0,"15":0,"16":0,"17":0,"18":0,"19":0,"20":0,"21":0,"22":0,"23":0,"24":0,"25":0,"26":0,"27":0,"28":0,"29":0,"30":0,"31":0,"32":0,"33":0,"34":0,"35":0,"36":0,"37":0,"38":0,"39":0,"40":0,"41":0,"42":0,"43":0,"44":0,"45":0,"46":0,"47":0,"48":0,"49":0,"50":0,"51":0,"52":0,"53":0,"54":0,"55":0,"56":0,"57":0,"58":0,"59":0,"60":0,"61":0,"62":0,"63":0,"64":0,"65":0,"66":0,"67":0,"68":0,"69":0,"70":0,"71":0,"72":0,"73":0,"74":0,"75":0,"76":0,"77":0,"78":0,"79":0,"80":0,"81":0,"82":0,"83":0,"84":0,"85":0,"86":0,"87":0,"88":0,"89":0,"90":0,"91":0,"92":0,"93":0,"94":0,"95":0,"96":0,"97":0,"98":0,"99":0,"100":0},"f":{"0":0,"1":0,"2":0,"3":0,"4":0,"5":0,"6":0,"7":0,"8":0,"9":0,"10":0,"11":0,"12":0,"13":0,"14":0,"15":0,"16":0,"17":0,"18":0,"19":0},"b":{"0":[0,0],"1":[0,0],"2":[0,0],"3":[0,0],"4":[0,0],"5":[0,0],"6":[0,0],"7":[0,0],"8":[0,0],"9":[0,0],"10":[0,0],"11":[0,0],"12":[0,0],"13":[0,0],"14":[0,0],"15":[0,0],"16":[0,0],"17":[0,0],"18":[0,0],"19":[0,0],"20":[0,0],"21":[0,0]}}
,"C:\\projects\\Blogger-New\\blogger_frontend\\src\\components\\login\\Component.jsx": {"path":"C:\\projects\\Blogger-New\\blogger_frontend\\src\\components\\login\\Component.jsx","statementMap":{"0":{"start":{"line":37,"column":21},"end":{"line":40,"column":1}},"1":{"start":{"line":42,"column":21},"end":{"line":141,"column":1}},"2":{"start":{"line":43,"column":19},"end":{"line":43,"column":32}},"3":{"start":{"line":44,"column":24},"end":{"line":44,"column":37}},"4":{"start":{"line":45,"column":31},"end":{"line":45,"column":68}},"5":{"start":{"line":46,"column":28},"end":{"line":46,"column":62}},"6":{"start":{"line":46,"column":51},"end":{"line":46,"column":61}},"7":{"start":{"line":47,"column":28},"end":{"line":47,"column":40}},"8":{"start":{"line":49,"column":28},"end":{"line":55,"column":3}},"9":{"start":{"line":50,"column":4},"end":{"line":54,"column":7}},"10":{"start":{"line":57,"column":22},"end":{"line":80,"column":3}},"11":{"start":{"line":58,"column":4},"end":{"line":58,"column":23}},"12":{"start":{"line":59,"column":26},"end":{"line":59,"column":53}},"13":{"start":{"line":60,"column":29},"end":{"line":60,"column":59}},"14":{"start":{"line":61,"column":4},"end":{"line":79,"column":5}},"15":{"start":{"line":62,"column":6},"end":{"line":62,"column":33}},"16":{"start":{"line":64,"column":21},"end":{"line":64,"column":49}},"17":{"start":{"line":65,"column":24},"end":{"line":65,"column":57}},"18":{"start":{"line":66,"column":6},"end":{"line":78,"column":7}},"19":{"start":{"line":67,"column":8},"end":{"line":67,"column":30}},"20":{"start":{"line":68,"column":13},"end":{"line":78,"column":7}},"21":{"start":{"line":69,"column":8},"end":{"line":69,"column":33}},"22":{"start":{"line":71,"column":25},"end":{"line":74,"column":9}},"23":{"start":{"line":76,"column":8},"end":{"line":76,"column":40}},"24":{"start":{"line":77,"column":8},"end":{"line":77,"column":41}},"25":{"start":{"line":82,"column":2},"end":{"line":84,"column":16}},"26":{"start":{"line":83,"column":4},"end":{"line":83,"column":44}},"27":{"start":{"line":83,"column":17},"end":{"line":83,"column":44}},"28":{"start":{"line":86,"column":2},"end":{"line":88,"column":13}},"29":{"start":{"line":87,"column":4},"end":{"line":87,"column":29}},"30":{"start":{"line":87,"column":14},"end":{"line":87,"column":29}},"31":{"start":{"line":90,"column":2},"end":{"line":99,"column":14}},"32":{"start":{"line":91,"column":18},"end":{"line":94,"column":12}},"33":{"start":{"line":92,"column":6},"end":{"line":92,"column":19}},"34":{"start":{"line":93,"column":6},"end":{"line":93,"column":29}},"35":{"start":{"line":96,"column":4},"end":{"line":98,"column":6}},"36":{"start":{"line":97,"column":6},"end":{"line":97,"column":26}},"37":{"start":{"line":101,"column":19},"end":{"line":101,"column":29}},"38":{"start":{"line":102,"column":15},"end":{"line":102,"column":50}},"39":{"start":{"line":103,"column":18},"end":{"line":103,"column":56}},"40":{"start":{"line":104,"column":14},"end":{"line":104,"column":44}},"41":{"start":{"line":106,"column":2},"end":{"line":140,"column":4}}},"fnMap":{"0":{"name":"(anonymous_0)","decl":{"start":{"line":42,"column":21},"end":{"line":42,"column":22}},"loc":{"start":{"line":42,"column":27},"end":{"line":141,"column":1}},"line":42},"1":{"name":"(anonymous_1)","decl":{"start":{"line":46,"column":40},"end":{"line":46,"column":41}},"loc":{"start":{"line":46,"column":51},"end":{"line":46,"column":61}},"line":46},"2":{"name":"(anonymous_2)","decl":{"start":{"line":49,"column":28},"end":{"line":49,"column":29}},"loc":{"start":{"line":49,"column":39},"end":{"line":55,"column":3}},"line":49},"3":{"name":"(anonymous_3)","decl":{"start":{"line":57,"column":22},"end":{"line":57,"column":23}},"loc":{"start":{"line":57,"column":29},"end":{"line":80,"column":3}},"line":57},"4":{"name":"(anonymous_4)","decl":{"start":{"line":82,"column":12},"end":{"line":82,"column":13}},"loc":{"start":{"line":82,"column":18},"end":{"line":84,"column":3}},"line":82},"5":{"name":"(anonymous_5)","decl":{"start":{"line":86,"column":12},"end":{"line":86,"column":13}},"loc":{"start":{"line":86,"column":18},"end":{"line":88,"column":3}},"line":86},"6":{"name":"(anonymous_6)","decl":{"start":{"line":90,"column":12},"end":{"line":90,"column":13}},"loc":{"start":{"line":90,"column":18},"end":{"line":99,"column":3}},"line":90},"7":{"name":"(anonymous_7)","decl":{"start":{"line":91,"column":29},"end":{"line":91,"column":30}},"loc":{"start":{"line":91,"column":35},"end":{"line":94,"column":5}},"line":91},"8":{"name":"(anonymous_8)","decl":{"start":{"line":96,"column":11},"end":{"line":96,"column":12}},"loc":{"start":{"line":96,"column":17},"end":{"line":98,"column":5}},"line":96}},"branchMap":{"0":{"loc":{"start":{"line":61,"column":4},"end":{"line":79,"column":5}},"type":"if","locations":[{"start":{"line":61,"column":4},"end":{"line":79,"column":5}},{"start":{"line":63,"column":11},"end":{"line":79,"column":5}}],"line":61},"1":{"loc":{"start":{"line":61,"column":8},"end":{"line":61,"column":43}},"type":"binary-expr","locations":[{"start":{"line":61,"column":8},"end":{"line":61,"column":22}},{"start":{"line":61,"column":26},"end":{"line":61,"column":43}}],"line":61},"2":{"loc":{"start":{"line":66,"column":6},"end":{"line":78,"column":7}},"type":"if","locations":[{"start":{"line":66,"column":6},"end":{"line":78,"column":7}},{"start":{"line":68,"column":13},"end":{"line":78,"column":7}}],"line":66},"3":{"loc":{"start":{"line":68,"column":13},"end":{"line":78,"column":7}},"type":"if","locations":[{"start":{"line":68,"column":13},"end":{"line":78,"column":7}},{"start":{"line":70,"column":13},"end":{"line":78,"column":7}}],"line":68},"4":{"loc":{"start":{"line":83,"column":4},"end":{"line":83,"column":44}},"type":"if","locations":[{"start":{"line":83,"column":4},"end":{"line":83,"column":44}},{"start":{},"end":{}}],"line":83},"5":{"loc":{"start":{"line":87,"column":4},"end":{"line":87,"column":29}},"type":"if","locations":[{"start":{"line":87,"column":4},"end":{"line":87,"column":29}},{"start":{},"end":{}}],"line":87},"6":{"loc":{"start":{"line":132,"column":9},"end":{"line":132,"column":42}},"type":"binary-expr","locations":[{"start":{"line":132,"column":9},"end":{"line":132,"column":14}},{"start":{"line":132,"column":18},"end":{"line":132,"column":42}}],"line":132}},"s":{"0":0,"1":0,"2":0,"3":0,"4":0,"5":0,"6":0,"7":0,"8":0,"9":0,"10":0,"11":0,"12":0,"13":0,"14":0,"15":0,"16":0,"17":0,"18":0,"19":0,"20":0,"21":0,"22":0,"23":0,"24":0,"25":0,"26":0,"27":0,"28":0,"29":0,"30":0,"31":0,"32":0,"33":0,"34":0,"35":0,"36":0,"37":0,"38":0,"39":0,"40":0,"41":0},"f":{"0":0,"1":0,"2":0,"3":0,"4":0,"5":0,"6":0,"7":0,"8":0},"b":{"0":[0,0],"1":[0,0],"2":[0,0],"3":[0,0],"4":[0,0],"5":[0,0],"6":[0,0]}}
,"C:\\projects\\Blogger-New\\blogger_frontend\\src\\components\\media\\Component.jsx": {"path":"C:\\projects\\Blogger-New\\blogger_frontend\\src\\components\\media\\Component.jsx","statementMap":{"0":{"start":{"line":15,"column":21},"end":{"line":129,"column":1}},"1":{"start":{"line":16,"column":19},"end":{"line":16,"column":32}},"2":{"start":{"line":17,"column":28},"end":{"line":17,"column":40}},"3":{"start":{"line":18,"column":32},"end":{"line":18,"column":46}},"4":{"start":{"line":19,"column":42},"end":{"line":19,"column":56}},"5":{"start":{"line":20,"column":34},"end":{"line":20,"column":46}},"6":{"start":{"line":21,"column":19},"end":{"line":21,"column":32}},"7":{"start":{"line":23,"column":27},"end":{"line":23,"column":63}},"8":{"start":{"line":23,"column":50},"end":{"line":23,"column":62}},"9":{"start":{"line":25,"column":25},"end":{"line":27,"column":3}},"10":{"start":{"line":26,"column":4},"end":{"line":26,"column":36}},"11":{"start":{"line":29,"column":24},"end":{"line":36,"column":3}},"12":{"start":{"line":30,"column":17},"end":{"line":30,"column":44}},"13":{"start":{"line":31,"column":4},"end":{"line":31,"column":20}},"14":{"start":{"line":32,"column":4},"end":{"line":32,"column":50}},"15":{"start":{"line":33,"column":4},"end":{"line":33,"column":36}},"16":{"start":{"line":34,"column":4},"end":{"line":34,"column":17}},"17":{"start":{"line":35,"column":4},"end":{"line":35,"column":36}},"18":{"start":{"line":38,"column":19},"end":{"line":50,"column":3}},"19":{"start":{"line":39,"column":21},"end":{"line":48,"column":5}},"20":{"start":{"line":49,"column":4},"end":{"line":49,"column":29}},"21":{"start":{"line":52,"column":2},"end":{"line":54,"column":17}},"22":{"start":{"line":53,"column":4},"end":{"line":53,"column":33}},"23":{"start":{"line":56,"column":2},"end":{"line":60,"column":17}},"24":{"start":{"line":57,"column":4},"end":{"line":58,"column":25}},"25":{"start":{"line":57,"column":37},"end":{"line":57,"column":70}},"26":{"start":{"line":58,"column":9},"end":{"line":58,"column":25}},"27":{"start":{"line":59,"column":4},"end":{"line":59,"column":15}},"28":{"start":{"line":62,"column":2},"end":{"line":64,"column":21}},"29":{"start":{"line":63,"column":4},"end":{"line":63,"column":20}},"30":{"start":{"line":66,"column":2},"end":{"line":74,"column":9}},"31":{"start":{"line":67,"column":18},"end":{"line":69,"column":12}},"32":{"start":{"line":68,"column":6},"end":{"line":68,"column":24}},"33":{"start":{"line":71,"column":4},"end":{"line":73,"column":6}},"34":{"start":{"line":72,"column":6},"end":{"line":72,"column":26}},"35":{"start":{"line":76,"column":2},"end":{"line":128,"column":4}},"36":{"start":{"line":87,"column":12},"end":{"line":112,"column":14}},"37":{"start":{"line":91,"column":36},"end":{"line":91,"column":56}},"38":{"start":{"line":92,"column":36},"end":{"line":92,"column":57}},"39":{"start":{"line":101,"column":22},"end":{"line":104,"column":23}}},"fnMap":{"0":{"name":"(anonymous_0)","decl":{"start":{"line":15,"column":21},"end":{"line":15,"column":22}},"loc":{"start":{"line":15,"column":27},"end":{"line":129,"column":1}},"line":15},"1":{"name":"(anonymous_1)","decl":{"start":{"line":23,"column":39},"end":{"line":23,"column":40}},"loc":{"start":{"line":23,"column":50},"end":{"line":23,"column":62}},"line":23},"2":{"name":"(anonymous_2)","decl":{"start":{"line":25,"column":25},"end":{"line":25,"column":26}},"loc":{"start":{"line":25,"column":36},"end":{"line":27,"column":3}},"line":25},"3":{"name":"(anonymous_3)","decl":{"start":{"line":29,"column":24},"end":{"line":29,"column":25}},"loc":{"start":{"line":29,"column":40},"end":{"line":36,"column":3}},"line":29},"4":{"name":"(anonymous_4)","decl":{"start":{"line":38,"column":19},"end":{"line":38,"column":20}},"loc":{"start":{"line":38,"column":31},"end":{"line":50,"column":3}},"line":38},"5":{"name":"(anonymous_5)","decl":{"start":{"line":52,"column":12},"end":{"line":52,"column":13}},"loc":{"start":{"line":52,"column":18},"end":{"line":54,"column":3}},"line":52},"6":{"name":"(anonymous_6)","decl":{"start":{"line":56,"column":12},"end":{"line":56,"column":13}},"loc":{"start":{"line":56,"column":18},"end":{"line":60,"column":3}},"line":56},"7":{"name":"(anonymous_7)","decl":{"start":{"line":62,"column":12},"end":{"line":62,"column":13}},"loc":{"start":{"line":62,"column":18},"end":{"line":64,"column":3}},"line":62},"8":{"name":"(anonymous_8)","decl":{"start":{"line":66,"column":12},"end":{"line":66,"column":13}},"loc":{"start":{"line":66,"column":18},"end":{"line":74,"column":3}},"line":66},"9":{"name":"(anonymous_9)","decl":{"start":{"line":67,"column":29},"end":{"line":67,"column":30}},"loc":{"start":{"line":67,"column":35},"end":{"line":69,"column":5}},"line":67},"10":{"name":"(anonymous_10)","decl":{"start":{"line":71,"column":11},"end":{"line":71,"column":12}},"loc":{"start":{"line":71,"column":17},"end":{"line":73,"column":5}},"line":71},"11":{"name":"(anonymous_11)","decl":{"start":{"line":86,"column":20},"end":{"line":86,"column":21}},"loc":{"start":{"line":86,"column":38},"end":{"line":113,"column":11}},"line":86},"12":{"name":"(anonymous_12)","decl":{"start":{"line":91,"column":30},"end":{"line":91,"column":31}},"loc":{"start":{"line":91,"column":36},"end":{"line":91,"column":56}},"line":91},"13":{"name":"(anonymous_13)","decl":{"start":{"line":92,"column":30},"end":{"line":92,"column":31}},"loc":{"start":{"line":92,"column":36},"end":{"line":92,"column":57}},"line":92},"14":{"name":"(anonymous_14)","decl":{"start":{"line":100,"column":29},"end":{"line":100,"column":30}},"loc":{"start":{"line":101,"column":22},"end":{"line":104,"column":23}},"line":101}},"branchMap":{"0":{"loc":{"start":{"line":57,"column":4},"end":{"line":58,"column":25}},"type":"if","locations":[{"start":{"line":57,"column":4},"end":{"line":58,"column":25}},{"start":{"line":58,"column":9},"end":{"line":58,"column":25}}],"line":57},"1":{"loc":{"start":{"line":57,"column":8},"end":{"line":57,"column":35}},"type":"binary-expr","locations":[{"start":{"line":57,"column":8},"end":{"line":57,"column":16}},{"start":{"line":57,"column":20},"end":{"line":57,"column":35}}],"line":57},"2":{"loc":{"start":{"line":79,"column":7},"end":{"line":83,"column":7}},"type":"binary-expr","locations":[{"start":{"line":79,"column":7},"end":{"line":79,"column":25}},{"start":{"line":80,"column":8},"end":{"line":82,"column":14}}],"line":79},"3":{"loc":{"start":{"line":85,"column":9},"end":{"line":113,"column":12}},"type":"binary-expr","locations":[{"start":{"line":85,"column":9},"end":{"line":85,"column":27}},{"start":{"line":86,"column":10},"end":{"line":113,"column":12}}],"line":85},"4":{"loc":{"start":{"line":98,"column":17},"end":{"line":110,"column":17}},"type":"binary-expr","locations":[{"start":{"line":98,"column":17},"end":{"line":98,"column":37}},{"start":{"line":99,"column":18},"end":{"line":109,"column":27}}],"line":98},"5":{"loc":{"start":{"line":115,"column":11},"end":{"line":123,"column":11}},"type":"binary-expr","locations":[{"start":{"line":115,"column":11},"end":{"line":115,"column":29}},{"start":{"line":116,"column":12},"end":{"line":122,"column":15}}],"line":115},"6":{"loc":{"start":{"line":117,"column":15},"end":{"line":121,"column":15}},"type":"cond-expr","locations":[{"start":{"line":118,"column":16},"end":{"line":118,"column":27}},{"start":{"line":120,"column":16},"end":{"line":120,"column":86}}],"line":117}},"s":{"0":0,"1":0,"2":0,"3":0,"4":0,"5":0,"6":0,"7":0,"8":0,"9":0,"10":0,"11":0,"12":0,"13":0,"14":0,"15":0,"16":0,"17":0,"18":0,"19":0,"20":0,"21":0,"22":0,"23":0,"24":0,"25":0,"26":0,"27":0,"28":0,"29":0,"30":0,"31":0,"32":0,"33":0,"34":0,"35":0,"36":0,"37":0,"38":0,"39":0},"f":{"0":0,"1":0,"2":0,"3":0,"4":0,"5":0,"6":0,"7":0,"8":0,"9":0,"10":0,"11":0,"12":0,"13":0,"14":0},"b":{"0":[0,0],"1":[0,0],"2":[0,0],"3":[0,0],"4":[0,0],"5":[0,0],"6":[0,0]}}
,"C:\\projects\\Blogger-New\\blogger_frontend\\src\\components\\notFoundPage\\Component.jsx": {"path":"C:\\projects\\Blogger-New\\blogger_frontend\\src\\components\\notFoundPage\\Component.jsx","statementMap":{"0":{"start":{"line":1,"column":28},"end":{"line":8,"column":1}},"1":{"start":{"line":2,"column":2},"end":{"line":7,"column":4}}},"fnMap":{"0":{"name":"(anonymous_0)","decl":{"start":{"line":1,"column":28},"end":{"line":1,"column":29}},"loc":{"start":{"line":1,"column":34},"end":{"line":8,"column":1}},"line":1}},"branchMap":{},"s":{"0":0,"1":0},"f":{"0":0},"b":{}}
,"C:\\projects\\Blogger-New\\blogger_frontend\\src\\components\\register\\Component.jsx": {"path":"C:\\projects\\Blogger-New\\blogger_frontend\\src\\components\\register\\Component.jsx","statementMap":{"0":{"start":{"line":49,"column":21},"end":{"line":57,"column":1}},"1":{"start":{"line":59,"column":24},"end":{"line":240,"column":1}},"2":{"start":{"line":60,"column":31},"end":{"line":60,"column":68}},"3":{"start":{"line":61,"column":19},"end":{"line":61,"column":32}},"4":{"start":{"line":62,"column":24},"end":{"line":62,"column":37}},"5":{"start":{"line":63,"column":28},"end":{"line":63,"column":62}},"6":{"start":{"line":63,"column":51},"end":{"line":63,"column":61}},"7":{"start":{"line":65,"column":19},"end":{"line":65,"column":29}},"8":{"start":{"line":66,"column":20},"end":{"line":66,"column":60}},"9":{"start":{"line":67,"column":19},"end":{"line":67,"column":58}},"10":{"start":{"line":68,"column":15},"end":{"line":68,"column":50}},"11":{"start":{"line":69,"column":18},"end":{"line":69,"column":56}},"12":{"start":{"line":70,"column":25},"end":{"line":70,"column":64}},"13":{"start":{"line":71,"column":23},"end":{"line":71,"column":60}},"14":{"start":{"line":72,"column":14},"end":{"line":72,"column":44}},"15":{"start":{"line":74,"column":28},"end":{"line":74,"column":40}},"16":{"start":{"line":76,"column":22},"end":{"line":82,"column":3}},"17":{"start":{"line":77,"column":4},"end":{"line":81,"column":7}},"18":{"start":{"line":84,"column":22},"end":{"line":132,"column":3}},"19":{"start":{"line":85,"column":4},"end":{"line":85,"column":23}},"20":{"start":{"line":86,"column":31},"end":{"line":86,"column":62}},"21":{"start":{"line":87,"column":30},"end":{"line":87,"column":60}},"22":{"start":{"line":88,"column":28},"end":{"line":88,"column":56}},"23":{"start":{"line":89,"column":30},"end":{"line":89,"column":60}},"24":{"start":{"line":90,"column":26},"end":{"line":90,"column":53}},"25":{"start":{"line":91,"column":29},"end":{"line":91,"column":59}},"26":{"start":{"line":92,"column":27},"end":{"line":92,"column":57}},"27":{"start":{"line":94,"column":4},"end":{"line":131,"column":5}},"28":{"start":{"line":103,"column":6},"end":{"line":103,"column":33}},"29":{"start":{"line":105,"column":21},"end":{"line":105,"column":49}},"30":{"start":{"line":106,"column":24},"end":{"line":106,"column":57}},"31":{"start":{"line":107,"column":25},"end":{"line":107,"column":59}},"32":{"start":{"line":109,"column":6},"end":{"line":130,"column":7}},"33":{"start":{"line":110,"column":8},"end":{"line":110,"column":30}},"34":{"start":{"line":111,"column":13},"end":{"line":130,"column":7}},"35":{"start":{"line":112,"column":8},"end":{"line":112,"column":30}},"36":{"start":{"line":113,"column":13},"end":{"line":130,"column":7}},"37":{"start":{"line":114,"column":8},"end":{"line":114,"column":33}},"38":{"start":{"line":116,"column":25},"end":{"line":124,"column":9}},"39":{"start":{"line":125,"column":8},"end":{"line":125,"column":40}},"40":{"start":{"line":127,"column":8},"end":{"line":129,"column":11}},"41":{"start":{"line":134,"column":2},"end":{"line":136,"column":16}},"42":{"start":{"line":135,"column":4},"end":{"line":135,"column":47}},"43":{"start":{"line":135,"column":17},"end":{"line":135,"column":47}},"44":{"start":{"line":138,"column":2},"end":{"line":140,"column":13}},"45":{"start":{"line":139,"column":4},"end":{"line":139,"column":29}},"46":{"start":{"line":139,"column":14},"end":{"line":139,"column":29}},"47":{"start":{"line":142,"column":2},"end":{"line":151,"column":14}},"48":{"start":{"line":143,"column":18},"end":{"line":146,"column":12}},"49":{"start":{"line":144,"column":6},"end":{"line":144,"column":19}},"50":{"start":{"line":145,"column":6},"end":{"line":145,"column":29}},"51":{"start":{"line":148,"column":4},"end":{"line":150,"column"
[...]
,"C:\\projects\\Blogger-New\\blogger_frontend\\src\\components\\shared\\components\\atomicComponents\\Label.jsx": {"path":"C:\\projects\\Blogger-New\\blogger_frontend\\src\\components\\shared\\components\\atomicComponents\\Label.jsx","statementMap":{"0":{"start":{"line":1,"column":21},"end":{"line":3,"column":1}},"1":{"start":{"line":2,"column":2},"end":{"line":2,"column":70}}},"fnMap":{"0":{"name":"(anonymous_0)","decl":{"start":{"line":1,"column":21},"end":{"line":1,"column":22}},"loc":{"start":{"line":1,"column":45},"end":{"line":3,"column":1}},"line":1}},"branchMap":{},"s":{"0":1,"1":2},"f":{"0":2},"b":{},"_coverageSchema":"1a1c01bbd47fc00a2c39e90264f33305004495a9","hash":"14499f1ca5830ade2da05d49b0f5d1aee645474c"}
,"C:\\projects\\Blogger-New\\blogger_frontend\\src\\components\\shared\\components\\atomicComponents\\SelectField.jsx": {"path":"C:\\projects\\Blogger-New\\blogger_frontend\\src\\components\\shared\\components\\atomicComponents\\SelectField.jsx","statementMap":{"0":{"start":{"line":3,"column":27},"end":{"line":31,"column":1}},"1":{"start":{"line":12,"column":23},"end":{"line":12,"column":49}},"2":{"start":{"line":12,"column":34},"end":{"line":12,"column":49}},"3":{"start":{"line":13,"column":2},"end":{"line":30,"column":4}},"4":{"start":{"line":25,"column":8},"end":{"line":27,"column":17}}},"fnMap":{"0":{"name":"(anonymous_0)","decl":{"start":{"line":3,"column":27},"end":{"line":3,"column":28}},"loc":{"start":{"line":11,"column":6},"end":{"line":31,"column":1}},"line":11},"1":{"name":"(anonymous_1)","decl":{"start":{"line":12,"column":23},"end":{"line":12,"column":24}},"loc":{"start":{"line":12,"column":34},"end":{"line":12,"column":49}},"line":12},"2":{"name":"(anonymous_2)","decl":{"start":{"line":24,"column":19},"end":{"line":24,"column":20}},"loc":{"start":{"line":25,"column":8},"end":{"line":27,"column":17}},"line":25}},"branchMap":{},"s":{"0":1,"1":2,"2":1,"3":2,"4":8},"f":{"0":2,"1":1,"2":8},"b":{},"_coverageSchema":"1a1c01bbd47fc00a2c39e90264f33305004495a9","hash":"d807dde9c126eda9f6cfbe904ad73a02b93e5078"}
,"C:\\projects\\Blogger-New\\blogger_frontend\\src\\components\\shared\\components\\atomicComponents\\Spinner.jsx": {"path":"C:\\projects\\Blogger-New\\blogger_frontend\\src\\components\\shared\\components\\atomicComponents\\Spinner.jsx","statementMap":{"0":{"start":{"line":1,"column":23},"end":{"line":3,"column":1}},"1":{"start":{"line":2,"column":2},"end":{"line":2,"column":62}}},"fnMap":{"0":{"name":"(anonymous_0)","decl":{"start":{"line":1,"column":23},"end":{"line":1,"column":24}},"loc":{"start":{"line":1,"column":29},"end":{"line":3,"column":1}},"line":1}},"branchMap":{},"s":{"0":1,"1":1},"f":{"0":1},"b":{},"_coverageSchema":"1a1c01bbd47fc00a2c39e90264f33305004495a9","hash":"9a909a5535ebfff64387dd44045604efa4633042"}
,"C:\\projects\\Blogger-New\\blogger_frontend\\src\\components\\shared\\components\\atomicComponents\\SubmitButton.jsx": {"path":"C:\\projects\\Blogger-New\\blogger_frontend\\src\\components\\shared\\components\\atomicComponents\\SubmitButton.jsx","statementMap":{"0":{"start":{"line":1,"column":28},"end":{"line":7,"column":1}},"1":{"start":{"line":2,"column":2},"end":{"line":6,"column":4}},"2":{"start":{"line":3,"column":28},"end":{"line":3,"column":38}}},"fnMap":{"0":{"name":"(anonymous_0)","decl":{"start":{"line":1,"column":28},"end":{"line":1,"column":29}},"loc":{"start":{"line":1,"column":57},"end":{"line":7,"column":1}},"line":1},"1":{"name":"(anonymous_1)","decl":{"start":{"line":3,"column":21},"end":{"line":3,"column":22}},"loc":{"start":{"line":3,"column":28},"end":{"line":3,"column":38}},"line":3}},"branchMap":{},"s":{"0":1,"1":2,"2":1},"f":{"0":2,"1":1},"b":{},"_coverageSchema":"1a1c01bbd47fc00a2c39e90264f33305004495a9","hash":"122c9ca6cc02968f46de6e4c5614ad37d24ee0bc"}
,"C:\\projects\\Blogger-New\\blogger_frontend\\src\\components\\shared\\components\\molecularComponents\\alert\\Alert.jsx": {"path":"C:\\projects\\Blogger-New\\blogger_frontend\\src\\components\\shared\\components\\molecularComponents\\alert\\Alert.jsx","statementMap":{"0":{"start":{"line":3,"column":21},"end":{"line":10,"column":1}},"1":{"start":{"line":4,"column":2},"end":{"line":9,"column":4}}},"fnMap":{"0":{"name":"(anonymous_0)","decl":{"start":{"line":3,"column":21},"end":{"line":3,"column":22}},"loc":{"start":{"line":3,"column":34},"end":{"line":10,"column":1}},"line":3}},"branchMap":{},"s":{"0":1,"1":2},"f":{"0":2},"b":{},"_coverageSchema":"1a1c01bbd47fc00a2c39e90264f33305004495a9","hash":"1ab0cca52698f2fa2c4773c1fc32a2e0e6faaad4"}
,"C:\\projects\\Blogger-New\\blogger_frontend\\src\\components\\shared\\components\\molecularComponents\\card\\Readless.jsx": {"path":"C:\\projects\\Blogger-New\\blogger_frontend\\src\\components\\shared\\components\\molecularComponents\\card\\Readless.jsx","statementMap":{"0":{"start":{"line":4,"column":24},"end":{"line":23,"column":1}},"1":{"start":{"line":5,"column":22},"end":{"line":8,"column":3}},"2":{"start":{"line":9,"column":2},"end":{"line":22,"column":4}}},"fnMap":{"0":{"name":"(anonymous_0)","decl":{"start":{"line":4,"column":24},"end":{"line":4,"column":25}},"loc":{"start":{"line":4,"column":64},"end":{"line":23,"column":1}},"line":4}},"branchMap":{},"s":{"0":1,"1":1,"2":1},"f":{"0":1},"b":{},"_coverageSchema":"1a1c01bbd47fc00a2c39e90264f33305004495a9","hash":"dab262ce21e2fce8655258cbd7c0594726c5e52d"}
,"C:\\projects\\Blogger-New\\blogger_frontend\\src\\components\\shared\\components\\molecularComponents\\createBlog\\CreateBlogs.jsx": {"path":"C:\\projects\\Blogger-New\\blogger_frontend\\src\\components\\shared\\components\\molecularComponents\\createBlog\\CreateBlogs.jsx","statementMap":{"0":{"start":{"line":13,"column":27},"end":{"line":113,"column":1}},"1":{"start":{"line":41,"column":6},"end":{"line":41,"column":11}},"2":{"start":{"line":43,"column":2},"end":{"line":112,"column":4}}},"fnMap":{"0":{"name":"(anonymous_0)","decl":{"start":{"line":13,"column":27},"end":{"line":13,"column":28}},"loc":{"start":{"line":13,"column":42},"end":{"line":113,"column":1}},"line":13}},"branchMap":{"0":{"loc":{"start":{"line":103,"column":9},"end":{"line":103,"column":42}},"type":"binary-expr","locations":[{"start":{"line":103,"column":9},"end":{"line":103,"column":14}},{"start":{"line":103,"column":18},"end":{"line":103,"column":42}}],"line":103}},"s":{"0":0,"1":0,"2":0},"f":{"0":0},"b":{"0":[0,0]}}
,"C:\\projects\\Blogger-New\\blogger_frontend\\src\\components\\shared\\components\\molecularComponents\\dropdown\\Dropdown.jsx": {"path":"C:\\projects\\Blogger-New\\blogger_frontend\\src\\components\\shared\\components\\molecularComponents\\dropdown\\Dropdown.jsx","statementMap":{"0":{"start":{"line":4,"column":24},"end":{"line":23,"column":1}},"1":{"start":{"line":5,"column":2},"end":{"line":22,"column":4}},"2":{"start":{"line":15,"column":8},"end":{"line":19,"column":10}}},"fnMap":{"0":{"name":"(anonymous_0)","decl":{"start":{"line":4,"column":24},"end":{"line":4,"column":25}},"loc":{"start":{"line":4,"column":58},"end":{"line":23,"column":1}},"line":4},"1":{"name":"(anonymous_1)","decl":{"start":{"line":14,"column":21},"end":{"line":14,"column":22}},"loc":{"start":{"line":14,"column":40},"end":{"line":20,"column":7}},"line":14}},"branchMap":{},"s":{"0":0,"1":0,"2":0},"f":{"0":0,"1":0},"b":{}}
,"C:\\projects\\Blogger-New\\blogger_frontend\\src\\components\\shared\\components\\molecularComponents\\footer\\Footer.jsx": {"path":"C:\\projects\\Blogger-New\\blogger_frontend\\src\\components\\shared\\components\\molecularComponents\\footer\\Footer.jsx","statementMap":{"0":{"start":{"line":1,"column":15},"end":{"line":6,"column":1}},"1":{"start":{"line":7,"column":22},"end":{"line":9,"column":1}},"2":{"start":{"line":8,"column":2},"end":{"line":8,"column":57}}},"fnMap":{"0":{"name":"(anonymous_0)","decl":{"start":{"line":7,"column":22},"end":{"line":7,"column":23}},"loc":{"start":{"line":7,"column":28},"end":{"line":9,"column":1}},"line":7}},"branchMap":{},"s":{"0":1,"1":1,"2":1},"f":{"0":1},"b":{},"_coverageSchema":"1a1c01bbd47fc00a2c39e90264f33305004495a9","hash":"853327f88b15cb66dded74aa9420cc7b5c21485f"}
,"C:\\projects\\Blogger-New\\blogger_frontend\\src\\components\\shared\\components\\molecularComponents\\modal\\Modal.jsx": {"path":"C:\\projects\\Blogger-New\\blogger_frontend\\src\\components\\shared\\components\\molecularComponents\\modal\\Modal.jsx","statementMap":{"0":{"start":{"line":3,"column":21},"end":{"line":23,"column":1}},"1":{"start":{"line":4,"column":2},"end":{"line":22,"column":4}},"2":{"start":{"line":10,"column":26},"end":{"line":10,"column":50}},"3":{"start":{"line":16,"column":26},"end":{"line":16,"column":49}}},"fnMap":{"0":{"name":"(anonymous_0)","decl":{"start":{"line":3,"column":21},"end":{"line":3,"column":22}},"loc":{"start":{"line":3,"column":60},"end":{"line":23,"column":1}},"line":3},"1":{"name":"(anonymous_1)","decl":{"start":{"line":10,"column":19},"end":{"line":10,"column":20}},"loc":{"start":{"line":10,"column":26},"end":{"line":10,"column":50}},"line":10},"2":{"name":"(anonymous_2)","decl":{"start":{"line":16,"column":19},"end":{"line":16,"column":20}},"loc":{"start":{"line":16,"column":26},"end":{"line":16,"column":49}},"line":16}},"branchMap":{},"s":{"0":1,"1":1,"2":1,"3":1},"f":{"0":1,"1":1,"2":1},"b":{},"_coverageSchema":"1a1c01bbd47fc00a2c39e90264f33305004495a9","hash":"37c65e3838c5b9319ab66869a810eed1e8547c7c"}
,"C:\\projects\\Blogger-New\\blogger_frontend\\src\\components\\shared\\components\\molecularComponents\\navbar\\Navbar.jsx": {"path":"C:\\projects\\Blogger-New\\blogger_frontend\\src\\components\\shared\\components\\molecularComponents\\navbar\\Navbar.jsx","statementMap":{"0":{"start":{"line":20,"column":22},"end":{"line":158,"column":1}},"1":{"start":{"line":21,"column":19},"end":{"line":21,"column":32}},"2":{"start":{"line":22,"column":19},"end":{"line":22,"column":32}},"3":{"start":{"line":23,"column":19},"end":{"line":23,"column":53}},"4":{"start":{"line":23,"column":42},"end":{"line":23,"column":52}},"5":{"start":{"line":24,"column":60},"end":{"line":26,"column":3}},"6":{"start":{"line":25,"column":15},"end":{"line":25,"column":27}},"7":{"start":{"line":27,"column":34},"end":{"line":27,"column":49}},"8":{"start":{"line":28,"column":34},"end":{"line":28,"column":48}},"9":{"start":{"line":30,"column":21},"end":{"line":34,"column":3}},"10":{"start":{"line":31,"column":4},"end":{"line":31,"column":29}},"11":{"start":{"line":32,"column":4},"end":{"line":32,"column":32}},"12":{"start":{"line":33,"column":4},"end":{"line":33,"column":19}},"13":{"start":{"line":36,"column":24},"end":{"line":38,"column":3}},"14":{"start":{"line":37,"column":4},"end":{"line":37,"column":32}},"15":{"start":{"line":40,"column":21},"end":{"line":42,"column":3}},"16":{"start":{"line":41,"column":4},"end":{"line":41,"column":27}},"17":{"start":{"line":44,"column":23},"end":{"line":49,"column":3}},"18":{"start":{"line":45,"column":4},"end":{"line":48,"column":5}},"19":{"start":{"line":46,"column":6},"end":{"line":46,"column":26}},"20":{"start":{"line":47,"column":6},"end":{"line":47,"column":24}},"21":{"start":{"line":51,"column":2},"end":{"line":55,"column":13}},"22":{"start":{"line":52,"column":4},"end":{"line":54,"column":47}},"23":{"start":{"line":52,"column":36},"end":{"line":52,"column":57}},"24":{"start":{"line":53,"column":9},"end":{"line":54,"column":47}},"25":{"start":{"line":54,"column":6},"end":{"line":54,"column":47}},"26":{"start":{"line":57,"column":2},"end":{"line":157,"column":4}},"27":{"start":{"line":76,"column":14},"end":{"line":76,"column":37}},"28":{"start":{"line":90,"column":18},"end":{"line":90,"column":43}},"29":{"start":{"line":101,"column":18},"end":{"line":101,"column":42}},"30":{"start":{"line":114,"column":14},"end":{"line":114,"column":39}}},"fnMap":{"0":{"name":"(anonymous_0)","decl":{"start":{"line":20,"column":22},"end":{"line":20,"column":23}},"loc":{"start":{"line":20,"column":28},"end":{"line":158,"column":1}},"line":20},"1":{"name":"(anonymous_1)","decl":{"start":{"line":23,"column":31},"end":{"line":23,"column":32}},"loc":{"start":{"line":23,"column":42},"end":{"line":23,"column":52}},"line":23},"2":{"name":"(anonymous_2)","decl":{"start":{"line":25,"column":4},"end":{"line":25,"column":5}},"loc":{"start":{"line":25,"column":15},"end":{"line":25,"column":27}},"line":25},"3":{"name":"(anonymous_3)","decl":{"start":{"line":30,"column":21},"end":{"line":30,"column":22}},"loc":{"start":{"line":30,"column":27},"end":{"line":34,"column":3}},"line":30},"4":{"name":"(anonymous_4)","decl":{"start":{"line":36,"column":24},"end":{"line":36,"column":25}},"loc":{"start":{"line":36,"column":36},"end":{"line":38,"column":3}},"line":36},"5":{"name":"(anonymous_5)","decl":{"start":{"line":40,"column":21},"end":{"line":40,"column":22}},"loc":{"start":{"line":40,"column":27},"end":{"line":42,"column":3}},"line":40},"6":{"name":"(anonymous_6)","decl":{"start":{"line":44,"column":23},"end":{"line":44,"column":24}},"loc":{"start":{"line":44,"column":34},"end":{"line":49,"column":3}},"line":44},"7":{"name":"(anonymous_7)","decl":{"start":{"line":51,"column":12},"end":{"line":51,"column":13}},"loc":{"start":{"line":51,"column":18},"end":{"line":55,"column":3}},"line":51},"8":{"name":"(anonymous_8)","decl":{"start":{"line":75,"column":21},"end":{"line":75,"column":22}},"loc":{"start":{"line":75,"column":27},"end":{"line":77,"column":13}},"line":75},"9":{"name":"(anonymous_9)","decl":{"start":{"line":89,"column":25},"end":{"line":89,"column":26}},"loc":{"start":{"line":89,"column":31},"end":{"line":91,"column":17}},"line":89},"10":{"name":"(anonymous_10)","decl":{"start":{"line":100,"column":25},"end":{"line":100,"column":26}},"loc":{"start":{"line":100,"column":31},"end":{"line":102,"column":17}},"line":100},"11":{"name":"(anonymous_11)","decl":{"start":{"line":113,"column":21},"end":{"line":113,"column":22}},"loc":{"start":{"line":113,"column":27},"end":{"line":115,"column":13}},"line":113}},"branchMap":{"0":{"loc":{"start":{"line":45,"column":4},"end":{"line":48,"column":5}},"type":"if","locations":[{"start":{"line":45,"column":4},"end":{"line":48,"column":5}},{"start":{},"end":{}}],"line":45},"1":{"loc":{"start":{"line":52,"column":4},"end":{"line":54,"column":47}},"type":"if","locations":[{"start":{"line":52,"column":4},"end":{"line":54,"column":47}},{"start":{"line":53,"column":9},"end":{"line":54,"column":47}}],"line":52},"2":{"loc":{"start":{"line":53,"column":9},"end":{"line":54,"column":47}},"type":"if","locations":[{"start":{"line":53,"column":9},"end":{"line":54,"column":47}},{"start":{},"end":{}}],"line":53},"3":{"loc":{"start":{"line":70,"column":22},"end":{"line":70,"column":58}},"type":"cond-expr","locations":[{"start":{"line":70,"column":33},"end":{"line":70,"column":49}},{"start":{"line":70,"column":52},"end":{"line":70,"column":58}}],"line":70},"4":{"loc":{"start":{"line":70,"column":62},"end":{"line":70,"column":77}},"type":"binary-expr","locations":[{"start":{"line":70,"column":62},"end":{"line":70,"column":67}},{"start":{"line":70,"column":71},"end":{"line":70,"column":77}}],"line":70},"5":{"loc":{"start":{"line":78,"column":42},"end":{"line":78,"column":65}},"type":"binary-expr","locations":[{"start":{"line":78,"column":42},"end":{"line":78,"column":49}},{"start":{"line":78,"column":53},"end":{"line":78,"column":65}}],"line":78},"6":{"loc":{"start":{"line":83,"column":9},"end":{"line":108,"column":9}},"type":"binary-expr","locations":[{"start":{"line":83,"column":9},"end":{"line":83,"column":13}},{"start":{"line":84,"column":10},"end":{"line":107,"column":13}}],"line":83},"7":{"loc":{"start":{"line":85,"column":44},"end":{"line":85,"column":69}},"type":"binary-expr","locations":[{"start":{"line":85,"column":44},"end":{"line":85,"column":53}},{"start":{"line":85,"column":57},"end":{"line":85,"column":69}}],"line":85},"8":{"loc":{"start":{"line":88,"column":46},"end":{"line":88,"column":71}},"type":"binary-expr","locations":[{"start":{"line":88,"column":46},"end":{"line":88,"column":55}},{"start":{"line":88,"column":59},"end":{"line":88,"column":71}}],"line":88},"9":{"loc":{"start":{"line":99,"column":46},"end":{"line":99,"column":70}},"type":"binary-expr","locations":[{"start":{"line":99,"column":46},"end":{"line":99,"column":54}},{"start":{"line":99,"column":58},"end":{"line":99,"column":70}}],"line":99},"10":{"loc":{"start":{"line":109,"column":37},"end":{"line":109,"column":62}},"type":"binary-expr","locations":[{"start":{"line":109,"column":37},"end":{"line":109,"column":46}},{"start":{"line":109,"column":50},"end":{"line":109,"column":62}}],"line":109},"11":{"loc":{"start":{"line":112,"column":42},"end":{"line":112,"column":67}},"type":"binary-expr","locations":[{"start":{"line":112,"column":42},"end":{"line":112,"column":51}},{"start":{"line":112,"column":55},"end":{"line":112,"column":67}}],"line":112},"12":{"loc":{"start":{"line":120,"column":9},"end":{"line":126,"column":9}},"type":"binary-expr","locations":[{"start":{"line":120,"column":9},"end":{"line":120,"column":14}},{"start":{"line":121,"column":10},"end":{"line":125,"column":15}}],"line":120},"13":{"loc":{"start":{"line":129,"column":22},"end":{"line":129,"column":58}},"type":"cond-expr","locations":[{"start":{"line":129,"column":33},"end":{"line":129,"column":49}},{"start":{"line":129,"column":52},"end":{"line":129,"column":58}}],"line":129},"14":{"loc":{"start":{"line":130,"column":10},"end":{"line":130,"column":25}},"type":"binary-expr","locations":[{"start":{"line":130,"column":10},"end":{"line":130,"column":15}},{"start":{"line":130,"column":19},"end":{"line":130,"column":25}}],"line":130},"15":{"loc":{"start":{"line":131,"column":12},"end":{"line":131,"column":57}},"type":"cond-expr","locations":[{"start":{"line":131,"column":19},"end":{"line":131,"column":35}},{"start":{"line":131,"column":38},"end":{"line":131,"column":57}}],"line":131},"16":{"loc":{"start":{"line":133,"column":9},"end":{"line":154,"column":9}},"type":"cond-expr","locations":[{"start":{"line":134,"column":10},"end":{"line":147,"column":15}},{"start":{"line":149,"column":10},"end":{"line":153,"column":15}}],"line":133}},"s":{"0":0,"1":0,"2":0,"3":0,"4":0,"5":0,"6":0,"7":0,"8":0,"9":0,"10":0,"11":0,"12":0,"13":0,"14":0,"15":0,"16":0,"17":0,"18":0,"19":0,"20":0,"21":0,"22":0,"23":0,"24":0,"25":0,"26":0,"27":0,"28":0,"29":0,"30":0},"f":{"0":0,"1":0,"2":0,"3":0,"4":0,"5":0,"6":0,"7":0,"8":0,"9":0,"10":0,"11":0},"b":{"0":[0,0],"1":[0,0],"2":[0,0],"3":[0,0],"4":[0,0],"5":[0,0],"6":[0,0],"7":[0,0],"8":[0,0],"9":[0,0],"10":[0,0],"11":[0,0],"12":[0,0],"13":[0,0],"14":[0,0],"15":[0,0],"16":[0,0]}}
,"C:\\projects\\Blogger-New\\blogger_frontend\\src\\components\\shared\\components\\molecularComponents\\searchBlog\\SearchBlog.jsx": {"path":"C:\\projects\\Blogger-New\\blogger_frontend\\src\\components\\shared\\components\\molecularComponents\\searchBlog\\SearchBlog.jsx","statementMap":{"0":{"start":{"line":4,"column":26},"end":{"line":31,"column":1}},"1":{"start":{"line":9,"column":2},"end":{"line":30,"column":4}}},"fnMap":{"0":{"name":"(anonymous_0)","decl":{"start":{"line":4,"column":26},"end":{"line":4,"column":27}},"loc":{"start":{"line":8,"column":6},"end":{"line":31,"column":1}},"line":8}},"branchMap":{"0":{"loc":{"start":{"line":13,"column":10},"end":{"line":13,"column":58}},"type":"binary-expr","locations":[{"start":{"line":13,"column":10},"end":{"line":13,"column":35}},{"start":{"line":13,"column":39},"end":{"line":13,"column":58}}],"line":13},"1":{"loc":{"start":{"line":22,"column":10},"end":{"line":22,"column":57}},"type":"binary-expr","locations":[{"start":{"line":22,"column":10},"end":{"line":22,"column":35}},{"start":{"line":22,"column":39},"end":{"line":22,"column":57}}],"line":22}},"s":{"0":0,"1":0},"f":{"0":0},"b":{"0":[0,0],"1":[0,0]}}
}
